#
# A fatal error has been detected by the Java Runtime Environment:
#
#  SIGSEGV (0xb) at pc=0x00007f283f6a9e00, pid=24235, tid=139810269382400
#
# JRE version: OpenJDK Runtime Environment (7.0_51) (build 1.7.0_51-b00)
# Java VM: OpenJDK 64-Bit Server VM (24.45-b08 mixed mode linux-amd64 compressed oops)
# Problematic frame:
# V  [libjvm.so+0x5b4e00]  java_lang_String::utf8_length(oopDesc*)+0x70
#
# Failed to write core dump. Core dumps have been disabled. To enable core dumping, try "ulimit -c unlimited" before starting Java again
#
# If you would like to submit a bug report, please include
# instructions on how to reproduce the bug and visit:
#   http://icedtea.classpath.org/bugzilla
#

---------------  T H R E A D  ---------------

Current thread (0x00007f28380b6800):  JavaThread "JDWP Transport Listener: dt_socket" daemon [_thread_in_vm, id=24256, stack(0x00007f281d614000,0x00007f281d715000)]

siginfo:si_signo=SIGSEGV: si_errno=0, si_code=1 (SEGV_MAPERR), si_addr=0x000000000000000c

Registers:
RAX=0x0000000000000000, RBX=0x00000000faa1eb28, RCX=0x00007f28402c72c0, RDX=0x0000000000000000
RSP=0x00007f281d713660, RBP=0x00007f281d713670, RSI=0x000000000000000c, RDI=0x00000000faa1eb28
R8 =0x0000000000000008, R9 =0x0101010101010101, R10=0x000000000000001a, R11=0x00007f284055bd4a
R12=0x0000000000000000, R13=0x00007f283e29fec0, R14=0x0000000000000000, R15=0x0000000000000001
RIP=0x00007f283f6a9e00, EFLAGS=0x0000000000010246, CSGSFS=0x0000000000000033, ERR=0x0000000000000004
  TRAPNO=0x000000000000000e

Top of Stack: (sp=0x00007f281d713660)
0x00007f281d713660:   00007f27c8000910 00000000faa1eb28
0x00007f281d713670:   00007f281d7136f0 00007f283f6b82ba
0x00007f281d713680:   00007f28380b6800 0000000000000000
0x00007f281d713690:   00007f28380b69d8 00007f283e29fec0
0x00007f281d7136a0:   00007f28380b6800 00007f283e08b502
0x00007f281d7136b0:   00007f28380b6800 00007f28380b6800
0x00007f281d7136c0:   00007f281d7136f0 00007f28380b69d8
0x00007f281d7136d0:   00007f27c8000910 00007f283e29fec0
0x00007f281d7136e0:   00007f281d7137b0 0000000000000001
0x00007f281d7136f0:   00007f281d713730 00007f283e06d1f2
0x00007f281d713700:   0000000000000001 000000000000000a
0x00007f281d713710:   0000000000000001 0000000000000000
0x00007f281d713720:   000000000000000a 0000000000000001
0x00007f281d713730:   00007f281d713970 00007f283e075a40
0x00007f281d713740:   000099f900000013 00007f27f8010a00
0x00007f281d713750:   00007f27f0000f80 00007f283e08a3d1
0x00007f281d713760:   00007f27f0000f88 000000000000000b
0x00007f281d713770:   000099f900000013 00007f27f8010a00
0x00007f281d713780:   00007f27f0000f80 00007f27f8007750
0x00007f281d713790:   000099f900000013 00007f27f8010a00
0x00007f281d7137a0:   00007f27f0000f80 00007f28380b7d50
0x00007f281d7137b0:   00007f281d713800 000000000000012c
0x00007f281d7137c0:   00007f281d7137c8 00007f2800000000
0x00007f281d7137d0:   00007f281d713800 0000000000000000
0x00007f281d7137e0:   0000000000000000 000099f9000000e1
0x00007f281d7137f0:   00007f2800003880 00007f281d713800
0x00007f281d713800:   65646f43d2000000 2072657672657320
0x00007f281d713810:   2074736420726f66 7a6f4d206d6f7266
0x00007f281d713820:   302e352f616c6c69 4c203b3131582820
0x00007f281d713830:   3638782078756e69 707041202934365f
0x00007f281d713840:   74694b626557656c 2036332e3733352f
0x00007f281d713850:   202c4c4d54484b28 63654720656b696c 

Instructions: (pc=0x00007f283f6a9e00)
0x00007f283f6a9de0:   8d 3c 60 89 de 5b 41 5c 5d e9 c2 f5 31 00 66 90
0x00007f283f6a9df0:   48 8b 15 a1 82 79 00 80 3a 01 48 19 d2 83 e2 04
0x00007f283f6a9e00:   8b 5c 10 0c eb c3 66 2e 0f 1f 84 00 00 00 00 00
0x00007f283f6a9e10:   55 8b 35 e9 b7 7c 00 48 89 e5 41 54 45 31 e4 53 

Register to memory mapping:

RAX=0x0000000000000000 is an unknown value
RBX=0x00000000faa1eb28 is an oop
java.lang.String 
 - klass: 'java/lang/String'
RCX=0x00007f28402c72c0: <offset 0x2182c0> in /lib/x86_64-linux-gnu/libpthread.so.0 at 0x00007f28400af000
RDX=0x0000000000000000 is an unknown value
RSP=0x00007f281d713660 is pointing into the stack for thread: 0x00007f28380b6800
RBP=0x00007f281d713670 is pointing into the stack for thread: 0x00007f28380b6800
RSI=0x000000000000000c is an unknown value
RDI=0x00000000faa1eb28 is an oop
java.lang.String 
 - klass: 'java/lang/String'
R8 =0x0000000000000008 is an unknown value
R9 =0x0101010101010101 is an unknown value
R10=0x000000000000001a is an unknown value
R11=0x00007f284055bd4a: <offset 0x8bd4a> in /lib/x86_64-linux-gnu/libc.so.6 at 0x00007f28404d0000
R12=0x0000000000000000 is an unknown value
R13=0x00007f283e29fec0: <offset 0x23bec0> in /usr/lib/jvm/java-7-openjdk-amd64/jre/lib/amd64/libjdwp.so at 0x00007f283e064000
R14=0x0000000000000000 is an unknown value
R15=0x0000000000000001 is an unknown value


Stack: [0x00007f281d614000,0x00007f281d715000],  sp=0x00007f281d713660,  free space=1021k
Native frames: (J=compiled Java code, j=interpreted, Vv=VM code, C=native code)
V  [libjvm.so+0x5b4e00]  java_lang_String::utf8_length(oopDesc*)+0x70
V  [libjvm.so+0x5c32ba]  jni_GetStringUTFChars+0x8a
C  [libjdwp.so+0x91f2]  __strcat_chk+0x91f2
C  [libjdwp.so+0x11a40]  Agent_OnLoad+0x29d0
C  [libjdwp.so+0x23c5e]  Agent_OnLoad+0x14bee
V  [libjvm.so+0x66dae7]  JvmtiAgentThread::start_function_wrapper(JavaThread*, Thread*)+0x97
V  [libjvm.so+0x8b29c8]  JavaThread::thread_main_inner()+0xd8
V  [libjvm.so+0x8b2bb6]  JavaThread::run()+0x1d6
V  [libjvm.so+0x77cf72]  java_start(Thread*)+0x132


---------------  P R O C E S S  ---------------

Java Threads: ( => current thread )
  0x00007f27c4003800 JavaThread "Code server for dst from Mozilla/5.0 (X11; Linux x86_64) AppleWebKit/537.36 (KHTML, like Gecko) Chrome/34.0.1847.132 Safari/537.36 on http://127.0.0.1:8888/DST.html?gwt.codesvr=127.0.0.1:9997 @ Qz_#G`oootN##j\>" daemon [_thread_blocked, id=24410, stack(0x00007f27e6ae0000,0x00007f27e6be1000)]
  0x00007f283844b000 JavaThread "qtp1117409285-33" [_thread_blocked, id=24288, stack(0x00007f27bdd9f000,0x00007f27bdea0000)]
  0x00007f2838449000 JavaThread "qtp1117409285-32" [_thread_blocked, id=24286, stack(0x00007f27bdea0000,0x00007f27bdfa1000)]
  0x00007f2838446800 JavaThread "qtp1117409285-31" [_thread_blocked, id=24284, stack(0x00007f27bdfa1000,0x00007f27be0a2000)]
  0x00007f2838444800 JavaThread "qtp1117409285-30 Acceptor1 SelectChannelConnector@127.0.0.1:8888" [_thread_blocked, id=24283, stack(0x00007f27be0a2000,0x00007f27be1a3000)]
  0x00007f2838442800 JavaThread "qtp1117409285-29" [_thread_blocked, id=24282, stack(0x00007f27be1a3000,0x00007f27be2a4000)]
  0x00007f2838441000 JavaThread "qtp1117409285-28 Selector1" [_thread_in_native, id=24281, stack(0x00007f27be2a4000,0x00007f27be3a5000)]
  0x00007f283843f000 JavaThread "qtp1117409285-27 Acceptor0 SelectChannelConnector@127.0.0.1:8888" [_thread_in_native, id=24280, stack(0x00007f27be3a5000,0x00007f27be4a6000)]
  0x00007f283843e000 JavaThread "qtp1117409285-26 Selector0" [_thread_in_native, id=24279, stack(0x00007f27be4a6000,0x00007f27be5a7000)]
  0x00007f2838428000 JavaThread "HashSessionScavenger-0" daemon [_thread_blocked, id=24278, stack(0x00007f27be5a7000,0x00007f27be6a8000)]
  0x00007f28382ee000 JavaThread "GC Daemon" daemon [_thread_blocked, id=24277, stack(0x00007f27e7279000,0x00007f27e737a000)]
  0x00007f28381e5800 JavaThread "Code server listener" daemon [_thread_in_native, id=24275, stack(0x00007f27e7077000,0x00007f27e7178000)]
  0x00007f27cc01d800 JavaThread "Timer-0" daemon [_thread_blocked, id=24274, stack(0x00007f27e7178000,0x00007f27e7279000)]
  0x00007f28381d9000 JavaThread "pool-1-thread-1" [_thread_blocked, id=24272, stack(0x00007f27e737a000,0x00007f27e747b000)]
  0x00007f283818a800 JavaThread "Thread-2" daemon [_thread_blocked, id=24267, stack(0x00007f27e747b000,0x00007f27e757c000)]
  0x00007f2838189800 JavaThread "Thread-1" [_thread_in_native, id=24266, stack(0x00007f281c09a000,0x00007f281c19b000)]
  0x00007f28380c2000 JavaThread "Service Thread" daemon [_thread_blocked, id=24264, stack(0x00007f281d10f000,0x00007f281d210000)]
  0x00007f28380bf800 JavaThread "C2 CompilerThread1" daemon [_thread_blocked, id=24263, stack(0x00007f281d210000,0x00007f281d311000)]
  0x00007f28380bc800 JavaThread "C2 CompilerThread0" daemon [_thread_blocked, id=24262, stack(0x00007f281d311000,0x00007f281d412000)]
  0x00007f27f8001000 JavaThread "JDWP Command Reader" daemon [_thread_in_native, id=24258, stack(0x00007f281d412000,0x00007f281d513000)]
  0x00007f28380ba800 JavaThread "JDWP Event Helper Thread" daemon [_thread_blocked, id=24257, stack(0x00007f281d513000,0x00007f281d614000)]
=>0x00007f28380b6800 JavaThread "JDWP Transport Listener: dt_socket" daemon [_thread_in_vm, id=24256, stack(0x00007f281d614000,0x00007f281d715000)]
  0x00007f28380a9800 JavaThread "Signal Dispatcher" daemon [_thread_blocked, id=24254, stack(0x00007f281d91a000,0x00007f281da1b000)]
  0x00007f2838087800 JavaThread "Finalizer" daemon [_thread_blocked, id=24253, stack(0x00007f281da1b000,0x00007f281db1c000)]
  0x00007f2838085800 JavaThread "Reference Handler" daemon [_thread_blocked, id=24252, stack(0x00007f281db1c000,0x00007f281dc1d000)]
  0x00007f283800d000 JavaThread "main" [_thread_blocked, id=24237, stack(0x00007f2840ba6000,0x00007f2840ca7000)]

Other Threads:
  0x00007f2838081000 VMThread [stack: 0x00007f281dc1d000,0x00007f281dd1e000] [id=24251]
  0x00007f28380d4800 WatcherThread [stack: 0x00007f281d00e000,0x00007f281d10f000] [id=24265]

VM state:not at safepoint (normal execution)

VM Mutex/Monitor currently owned by a thread: None

Heap
 PSYoungGen      total 131584K, used 119394K [0x00000000f5500000, 0x0000000100000000, 0x0000000100000000)
  eden space 101376K, 88% used [0x00000000f5500000,0x00000000fac1f738,0x00000000fb800000)
  from space 30208K, 99% used [0x00000000fe280000,0x00000000ffff9438,0x0000000100000000)
  to   space 36864K, 0% used [0x00000000fb800000,0x00000000fb800000,0x00000000fdc00000)
 ParOldGen       total 81920K, used 50654K [0x00000000e0000000, 0x00000000e5000000, 0x00000000f5500000)
  object space 81920K, 61% used [0x00000000e0000000,0x00000000e3177a80,0x00000000e5000000)
 PSPermGen       total 27648K, used 23833K [0x00000000d5a00000, 0x00000000d7500000, 0x00000000e0000000)
  object space 27648K, 86% used [0x00000000d5a00000,0x00000000d7146610,0x00000000d7500000)

Card table byte_map: [0x00007f283cbe3000,0x00007f283cd37000] byte_map_base: 0x00007f283c536000

Polling page: 0x00007f2840cbd000

Code Cache  [0x00007f2835000000, 0x00007f2835340000, 0x00007f2838000000)
 total_blobs=1117 nmethods=791 adapters=286 free_code_cache=46016Kb largest_free_block=46978048

Compilation events (10 events):
Event: 68.119 Thread 0x00007f28380bf800 nmethod 884 0x00007f2835302c10 code [0x00007f2835303000, 0x00007f2835307c28]
Event: 68.119 Thread 0x00007f28380bf800  885             com.google.gwt.dev.asm.MethodVisitor::visitCode (15 bytes)
Event: 68.119 Thread 0x00007f28380bf800 nmethod 885 0x00007f28351a42d0 code [0x00007f28351a4420, 0x00007f28351a4498]
Event: 68.119 Thread 0x00007f28380bf800  886             com.google.gwt.dev.asm.Item::set (138 bytes)
Event: 68.130 Thread 0x00007f28380bf800 nmethod 886 0x00007f28352a88d0 code [0x00007f28352a8bc0, 0x00007f28352a9818]
Event: 68.130 Thread 0x00007f28380bf800  887             java.util.regex.Matcher::search (109 bytes)
Event: 68.134 Thread 0x00007f28380bf800 nmethod 887 0x00007f28350d7290 code [0x00007f28350d7420, 0x00007f28350d7908]
Event: 68.207 Thread 0x00007f28380bc800 nmethod 881 0x00007f2835321e10 code [0x00007f2835322920, 0x00007f2835329480]
Event: 160.192 Thread 0x00007f28380bf800  888             java.util.concurrent.ConcurrentHashMap$HashIterator::advance (96 bytes)
Event: 160.199 Thread 0x00007f28380bf800 nmethod 888 0x00007f28352c9890 code [0x00007f28352c99e0, 0x00007f28352c9b78]

GC Heap History (10 events):
Event: 3.369 GC heap before
{Heap before GC invocations=5 (full 0):
 PSYoungGen      total 67584K, used 67568K [0x00000000f5500000, 0x00000000f9c00000, 0x0000000100000000)
  eden space 62464K, 100% used [0x00000000f5500000,0x00000000f9200000,0x00000000f9200000)
  from space 5120K, 99% used [0x00000000f9700000,0x00000000f9bfc050,0x00000000f9c00000)
  to   space 5120K, 0% used [0x00000000f9200000,0x00000000f9200000,0x00000000f9700000)
 ParOldGen       total 81920K, used 37344K [0x00000000e0000000, 0x00000000e5000000, 0x00000000f5500000)
  object space 81920K, 45% used [0x00000000e0000000,0x00000000e2478300,0x00000000e5000000)
 PSPermGen       total 21504K, used 13069K [0x00000000d5a00000, 0x00000000d6f00000, 0x00000000e0000000)
  object space 21504K, 60% used [0x00000000d5a00000,0x00000000d66c3780,0x00000000d6f00000)
Event: 3.388 GC heap after
Heap after GC invocations=5 (full 0):
 PSYoungGen      total 67584K, used 5088K [0x00000000f5500000, 0x0000000100000000, 0x0000000100000000)
  eden space 62464K, 0% used [0x00000000f5500000,0x00000000f5500000,0x00000000f9200000)
  from space 5120K, 99% used [0x00000000f9200000,0x00000000f96f8050,0x00000000f9700000)
  to   space 26624K, 0% used [0x00000000fe600000,0x00000000fe600000,0x0000000100000000)
 ParOldGen       total 81920K, used 57008K [0x00000000e0000000, 0x00000000e5000000, 0x00000000f5500000)
  object space 81920K, 69% used [0x00000000e0000000,0x00000000e37ac168,0x00000000e5000000)
 PSPermGen       total 21504K, used 13069K [0x00000000d5a00000, 0x00000000d6f00000, 0x00000000e0000000)
  object space 21504K, 60% used [0x00000000d5a00000,0x00000000d66c3780,0x00000000d6f00000)
}
Event: 3.572 GC heap before
{Heap before GC invocations=6 (full 0):
 PSYoungGen      total 67584K, used 7165K [0x00000000f5500000, 0x0000000100000000, 0x0000000100000000)
  eden space 62464K, 3% used [0x00000000f5500000,0x00000000f5707640,0x00000000f9200000)
  from space 5120K, 99% used [0x00000000f9200000,0x00000000f96f8050,0x00000000f9700000)
  to   space 26624K, 0% used [0x00000000fe600000,0x00000000fe600000,0x0000000100000000)
 ParOldGen       total 81920K, used 57008K [0x00000000e0000000, 0x00000000e5000000, 0x00000000f5500000)
  object space 81920K, 69% used [0x00000000e0000000,0x00000000e37ac168,0x00000000e5000000)
 PSPermGen       total 21504K, used 13721K [0x00000000d5a00000, 0x00000000d6f00000, 0x00000000e0000000)
  object space 21504K, 63% used [0x00000000d5a00000,0x00000000d6766778,0x00000000d6f00000)
Event: 3.582 GC heap after
Heap after GC invocations=6 (full 0):
 PSYoungGen      total 146432K, used 5432K [0x00000000f5500000, 0x0000000100000000, 0x0000000100000000)
  eden space 119808K, 0% used [0x00000000f5500000,0x00000000f5500000,0x00000000fca00000)
  from space 26624K, 20% used [0x00000000fe600000,0x00000000feb4e0b8,0x0000000100000000)
  to   space 27648K, 0% used [0x00000000fca00000,0x00000000fca00000,0x00000000fe500000)
 ParOldGen       total 81920K, used 57008K [0x00000000e0000000, 0x00000000e5000000, 0x00000000f5500000)
  object space 81920K, 69% used [0x00000000e0000000,0x00000000e37ac168,0x00000000e5000000)
 PSPermGen       total 21504K, used 13721K [0x00000000d5a00000, 0x00000000d6f00000, 0x00000000e0000000)
  object space 21504K, 63% used [0x00000000d5a00000,0x00000000d6766778,0x00000000d6f00000)
}
Event: 3.582 GC heap before
{Heap before GC invocations=7 (full 1):
 PSYoungGen      total 146432K, used 5432K [0x00000000f5500000, 0x0000000100000000, 0x0000000100000000)
  eden space 119808K, 0% used [0x00000000f5500000,0x00000000f5500000,0x00000000fca00000)
  from space 26624K, 20% used [0x00000000fe600000,0x00000000feb4e0b8,0x0000000100000000)
  to   space 27648K, 0% used [0x00000000fca00000,0x00000000fca00000,0x00000000fe500000)
 ParOldGen       total 81920K, used 57008K [0x00000000e0000000, 0x00000000e5000000, 0x00000000f5500000)
  object space 81920K, 69% used [0x00000000e0000000,0x00000000e37ac168,0x00000000e5000000)
 PSPermGen       total 21504K, used 13721K [0x00000000d5a00000, 0x00000000d6f00000, 0x00000000e0000000)
  object space 21504K, 63% used [0x00000000d5a00000,0x00000000d6766778,0x00000000d6f00000)
Event: 3.726 GC heap after
Heap after GC invocations=7 (full 1):
 PSYoungGen      total 146432K, used 0K [0x00000000f5500000, 0x0000000100000000, 0x0000000100000000)
  eden space 119808K, 0% used [0x00000000f5500000,0x00000000f5500000,0x00000000fca00000)
  from space 26624K, 0% used [0x00000000fe600000,0x00000000fe600000,0x0000000100000000)
  to   space 27648K, 0% used [0x00000000fca00000,0x00000000fca00000,0x00000000fe500000)
 ParOldGen       total 81920K, used 48135K [0x00000000e0000000, 0x00000000e5000000, 0x00000000f5500000)
  object space 81920K, 58% used [0x00000000e0000000,0x00000000e2f01f88,0x00000000e5000000)
 PSPermGen       total 27648K, used 13714K [0x00000000d5a00000, 0x00000000d7500000, 0x00000000e0000000)
  object space 27648K, 49% used [0x00000000d5a00000,0x00000000d6764a50,0x00000000d7500000)
}
Event: 65.888 GC heap before
{Heap before GC invocations=8 (full 1):
 PSYoungGen      total 146432K, used 119808K [0x00000000f5500000, 0x0000000100000000, 0x0000000100000000)
  eden space 119808K, 100% used [0x00000000f5500000,0x00000000fca00000,0x00000000fca00000)
  from space 26624K, 0% used [0x00000000fe600000,0x00000000fe600000,0x0000000100000000)
  to   space 27648K, 0% used [0x00000000fca00000,0x00000000fca00000,0x00000000fe500000)
 ParOldGen       total 81920K, used 48135K [0x00000000e0000000, 0x00000000e5000000, 0x00000000f5500000)
  object space 81920K, 58% used [0x00000000e0000000,0x00000000e2f01f88,0x00000000e5000000)
 PSPermGen       total 27648K, used 19909K [0x00000000d5a00000, 0x00000000d7500000, 0x00000000e0000000)
  object space 27648K, 72% used [0x00000000d5a00000,0x00000000d6d71738,0x00000000d7500000)
Event: 65.907 GC heap after
Heap after GC invocations=8 (full 1):
 PSYoungGen      total 144896K, used 25026K [0x00000000f5500000, 0x0000000100000000, 0x0000000100000000)
  eden space 119808K, 0% used [0x00000000f5500000,0x00000000f5500000,0x00000000fca00000)
  from space 25088K, 99% used [0x00000000fca00000,0x00000000fe2708f8,0x00000000fe280000)
  to   space 30208K, 0% used [0x00000000fe280000,0x00000000fe280000,0x0000000100000000)
 ParOldGen       total 81920K, used 48135K [0x00000000e0000000, 0x00000000e5000000, 0x00000000f5500000)
  object space 81920K, 58% used [0x00000000e0000000,0x00000000e2f01f88,0x00000000e5000000)
 PSPermGen       total 27648K, used 19909K [0x00000000d5a00000, 0x00000000d7500000, 0x00000000e0000000)
  object space 27648K, 72% used [0x00000000d5a00000,0x00000000d6d71738,0x00000000d7500000)
}
Event: 66.723 GC heap before
{Heap before GC invocations=9 (full 1):
 PSYoungGen      total 144896K, used 144834K [0x00000000f5500000, 0x0000000100000000, 0x0000000100000000)
  eden space 119808K, 100% used [0x00000000f5500000,0x00000000fca00000,0x00000000fca00000)
  from space 25088K, 99% used [0x00000000fca00000,0x00000000fe2708f8,0x00000000fe280000)
  to   space 30208K, 0% used [0x00000000fe280000,0x00000000fe280000,0x0000000100000000)
 ParOldGen       total 81920K, used 48135K [0x00000000e0000000, 0x00000000e5000000, 0x00000000f5500000)
  object space 81920K, 58% used [0x00000000e0000000,0x00000000e2f01f88,0x00000000e5000000)
 PSPermGen       total 27648K, used 22007K [0x00000000d5a00000, 0x00000000d7500000, 0x00000000e0000000)
  object space 27648K, 79% used [0x00000000d5a00000,0x00000000d6f7de18,0x00000000d7500000)
Event: 66.744 GC heap after
Heap after GC invocations=9 (full 1):
 PSYoungGen      total 131584K, used 30181K [0x00000000f5500000, 0x0000000100000000, 0x0000000100000000)
  eden space 101376K, 0% used [0x00000000f5500000,0x00000000f5500000,0x00000000fb800000)
  from space 30208K, 99% used [0x00000000fe280000,0x00000000ffff9438,0x0000000100000000)
  to   space 36864K, 0% used [0x00000000fb800000,0x00000000fb800000,0x00000000fdc00000)
 ParOldGen       total 81920K, used 50654K [0x00000000e0000000, 0x00000000e5000000, 0x00000000f5500000)
  object space 81920K, 61% used [0x00000000e0000000,0x00000000e3177a80,0x00000000e5000000)
 PSPermGen       total 27648K, used 22007K [0x00000000d5a00000, 0x00000000d7500000, 0x00000000e0000000)
  object space 27648K, 79% used [0x00000000d5a00000,0x00000000d6f7de18,0x00000000d7500000)
}

Deoptimization events (10 events):
Event: 67.700 Thread 0x00007f27c4003800 Uncommon trap: reason=class_check action=maybe_recompile pc=0x00007f283528d2f8 method=com.google.gwt.dev.javac.typemodel.JClassType.areClassTypesAssignableNoSupers(Lcom/google/gwt/dev/javac/typemodel/JClassType;Lcom/google/gwt/dev/javac/typemodel/JClassTy
Event: 67.700 Thread 0x00007f27c4003800 Uncommon trap: reason=class_check action=maybe_recompile pc=0x00007f283529815c method=com.google.gwt.dev.javac.typemodel.JClassType.areClassTypesAssignable(Lcom/google/gwt/core/ext/typeinfo/JClassType;Lcom/google/gwt/core/ext/typeinfo/JClassType;)Z @ 36
Event: 67.700 Thread 0x00007f27c4003800 Uncommon trap: reason=class_check action=maybe_recompile pc=0x00007f283528d2f8 method=com.google.gwt.dev.javac.typemodel.JClassType.areClassTypesAssignableNoSupers(Lcom/google/gwt/dev/javac/typemodel/JClassType;Lcom/google/gwt/dev/javac/typemodel/JClassTy
Event: 67.700 Thread 0x00007f27c4003800 Uncommon trap: reason=class_check action=maybe_recompile pc=0x00007f283529815c method=com.google.gwt.dev.javac.typemodel.JClassType.areClassTypesAssignable(Lcom/google/gwt/core/ext/typeinfo/JClassType;Lcom/google/gwt/core/ext/typeinfo/JClassType;)Z @ 36
Event: 67.701 Thread 0x00007f27c4003800 Uncommon trap: reason=class_check action=maybe_recompile pc=0x00007f283529815c method=com.google.gwt.dev.javac.typemodel.JClassType.areClassTypesAssignable(Lcom/google/gwt/core/ext/typeinfo/JClassType;Lcom/google/gwt/core/ext/typeinfo/JClassType;)Z @ 36
Event: 67.710 Thread 0x00007f27c4003800 Uncommon trap: reason=class_check action=maybe_recompile pc=0x00007f283529a498 method=java.util.regex.Pattern$Start.match(Ljava/util/regex/Matcher;ILjava/lang/CharSequence;)Z @ 44
Event: 67.710 Thread 0x00007f27c4003800 Uncommon trap: reason=class_check action=maybe_recompile pc=0x00007f283529a498 method=java.util.regex.Pattern$Start.match(Ljava/util/regex/Matcher;ILjava/lang/CharSequence;)Z @ 44
Event: 67.718 Thread 0x00007f27c4003800 Uncommon trap: reason=class_check action=maybe_recompile pc=0x00007f283529a498 method=java.util.regex.Pattern$Start.match(Ljava/util/regex/Matcher;ILjava/lang/CharSequence;)Z @ 44
Event: 67.718 Thread 0x00007f27c4003800 Uncommon trap: reason=class_check action=maybe_recompile pc=0x00007f283529a498 method=java.util.regex.Pattern$Start.match(Ljava/util/regex/Matcher;ILjava/lang/CharSequence;)Z @ 44
Event: 67.721 Thread 0x00007f27c4003800 Uncommon trap: reason=predicate action=maybe_recompile pc=0x00007f28352c5978 method=com.google.gwt.dev.asm.ClassReader.readMethod(Lcom/google/gwt/dev/asm/ClassVisitor;Lcom/google/gwt/dev/asm/Context;I)I @ 637

Internal exceptions (10 events):
Event: 67.704 Thread 0x00007f27c4003800 Threw 0x00000000fa7a39e8 at /build/buildd/openjdk-7-7u51-2.4.4/build/openjdk/hotspot/src/share/vm/prims/jvm.cpp:1244
Event: 67.704 Thread 0x00007f27c4003800 Threw 0x00000000fa7a9138 at /build/buildd/openjdk-7-7u51-2.4.4/build/openjdk/hotspot/src/share/vm/prims/jvm.cpp:1244
Event: 67.705 Thread 0x00007f27c4003800 Threw 0x00000000fa7aec70 at /build/buildd/openjdk-7-7u51-2.4.4/build/openjdk/hotspot/src/share/vm/prims/jvm.cpp:1244
Event: 67.708 Thread 0x00007f27c4003800 Threw 0x00000000fa7f2800 at /build/buildd/openjdk-7-7u51-2.4.4/build/openjdk/hotspot/src/share/vm/prims/jvm.cpp:1244
Event: 67.708 Thread 0x00007f27c4003800 Threw 0x00000000fa7fb000 at /build/buildd/openjdk-7-7u51-2.4.4/build/openjdk/hotspot/src/share/vm/prims/jvm.cpp:1244
Event: 67.708 Thread 0x00007f27c4003800 Threw 0x00000000fa8015d8 at /build/buildd/openjdk-7-7u51-2.4.4/build/openjdk/hotspot/src/share/vm/prims/jvm.cpp:1244
Event: 67.709 Thread 0x00007f27c4003800 Threw 0x00000000fa8078d8 at /build/buildd/openjdk-7-7u51-2.4.4/build/openjdk/hotspot/src/share/vm/prims/jvm.cpp:1244
Event: 67.709 Thread 0x00007f27c4003800 Threw 0x00000000fa80eb40 at /build/buildd/openjdk-7-7u51-2.4.4/build/openjdk/hotspot/src/share/vm/prims/jvm.cpp:1244
Event: 67.717 Thread 0x00007f27c4003800 Threw 0x00000000fa89f048 at /build/buildd/openjdk-7-7u51-2.4.4/build/openjdk/hotspot/src/share/vm/prims/jvm.cpp:1244
Event: 67.717 Thread 0x00007f27c4003800 Threw 0x00000000fa8a57e8 at /build/buildd/openjdk-7-7u51-2.4.4/build/openjdk/hotspot/src/share/vm/prims/jvm.cpp:1244

Events (10 events):
Event: 192.496 Executing VM operation: GetCurrentLocation
Event: 192.496 Executing VM operation: GetCurrentLocation done
Event: 192.496 Executing VM operation: ChangeSingleStep
Event: 192.496 Executing VM operation: ChangeSingleStep done
Event: 192.497 Executing VM operation: ChangeSingleStep
Event: 192.497 Executing VM operation: ChangeSingleStep done
Event: 192.520 Executing VM operation: GetOrSetLocal
Event: 192.520 Executing VM operation: GetOrSetLocal done
Event: 192.524 Executing VM operation: GetOrSetLocal
Event: 192.524 Executing VM operation: GetOrSetLocal done


Dynamic libraries:
00400000-00401000 r-xp 00000000 08:07 1590641                            /usr/lib/jvm/java-7-openjdk-amd64/jre/bin/java
00600000-00601000 r--p 00000000 08:07 1590641                            /usr/lib/jvm/java-7-openjdk-amd64/jre/bin/java
00601000-00602000 rw-p 00001000 08:07 1590641                            /usr/lib/jvm/java-7-openjdk-amd64/jre/bin/java
009ca000-009eb000 rw-p 00000000 00:00 0                                  [heap]
d5a00000-d7500000 rw-p 00000000 00:00 0 
d7500000-e0000000 rw-p 00000000 00:00 0 
e0000000-e5000000 rw-p 00000000 00:00 0 
e5000000-f5500000 rw-p 00000000 00:00 0 
f5500000-100000000 rw-p 00000000 00:00 0 
7f2790000000-7f2790021000 rw-p 00000000 00:00 0 
7f2790021000-7f2794000000 ---p 00000000 00:00 0 
7f2798000000-7f2798021000 rw-p 00000000 00:00 0 
7f2798021000-7f279c000000 ---p 00000000 00:00 0 
7f279c000000-7f279c021000 rw-p 00000000 00:00 0 
7f279c021000-7f27a0000000 ---p 00000000 00:00 0 
7f27a0000000-7f27a0021000 rw-p 00000000 00:00 0 
7f27a0021000-7f27a4000000 ---p 00000000 00:00 0 
7f27a4000000-7f27a4021000 rw-p 00000000 00:00 0 
7f27a4021000-7f27a8000000 ---p 00000000 00:00 0 
7f27a8000000-7f27a8021000 rw-p 00000000 00:00 0 
7f27a8021000-7f27ac000000 ---p 00000000 00:00 0 
7f27ac000000-7f27ac021000 rw-p 00000000 00:00 0 
7f27ac021000-7f27b0000000 ---p 00000000 00:00 0 
7f27b0000000-7f27b0049000 rw-p 00000000 00:00 0 
7f27b0049000-7f27b4000000 ---p 00000000 00:00 0 
7f27b4000000-7f27b4021000 rw-p 00000000 00:00 0 
7f27b4021000-7f27b8000000 ---p 00000000 00:00 0 
7f27b8000000-7f27b8021000 rw-p 00000000 00:00 0 
7f27b8021000-7f27bc000000 ---p 00000000 00:00 0 
7f27bdc9e000-7f27bdca1000 ---p 00000000 00:00 0 
7f27bdca1000-7f27bdd9f000 rw-p 00000000 00:00 0 
7f27bdd9f000-7f27bdda2000 ---p 00000000 00:00 0 
7f27bdda2000-7f27bdea0000 rw-p 00000000 00:00 0                          [stack:24288]
7f27bdea0000-7f27bdea3000 ---p 00000000 00:00 0 
7f27bdea3000-7f27bdfa1000 rw-p 00000000 00:00 0                          [stack:24286]
7f27bdfa1000-7f27bdfa4000 ---p 00000000 00:00 0 
7f27bdfa4000-7f27be0a2000 rw-p 00000000 00:00 0                          [stack:24284]
7f27be0a2000-7f27be0a5000 ---p 00000000 00:00 0 
7f27be0a5000-7f27be1a3000 rw-p 00000000 00:00 0                          [stack:24283]
7f27be1a3000-7f27be1a6000 ---p 00000000 00:00 0 
7f27be1a6000-7f27be2a4000 rw-p 00000000 00:00 0                          [stack:24282]
7f27be2a4000-7f27be2a7000 ---p 00000000 00:00 0 
7f27be2a7000-7f27be3a5000 rw-p 00000000 00:00 0                          [stack:24281]
7f27be3a5000-7f27be3a8000 ---p 00000000 00:00 0 
7f27be3a8000-7f27be4a6000 rw-p 00000000 00:00 0                          [stack:24280]
7f27be4a6000-7f27be4a9000 ---p 00000000 00:00 0 
7f27be4a9000-7f27be5a7000 rw-p 00000000 00:00 0                          [stack:24279]
7f27be5a7000-7f27be5aa000 ---p 00000000 00:00 0 
7f27be5aa000-7f27be6a8000 rw-p 00000000 00:00 0                          [stack:24278]
7f27be6a8000-7f27be75d000 r--s 00819000 08:07 799351                     /home/zuhairi/workspace/DST/war/WEB-INF/lib/gwt-servlet.jar
7f27be75d000-7f27be7c8000 r-xp 00000000 08:07 1843236                    /usr/lib/x86_64-linux-gnu/nss/libfreebl3.so
7f27be7c8000-7f27be9c7000 ---p 0006b000 08:07 1843236                    /usr/lib/x86_64-linux-gnu/nss/libfreebl3.so
7f27be9c7000-7f27be9c9000 r--p 0006a000 08:07 1843236                    /usr/lib/x86_64-linux-gnu/nss/libfreebl3.so
7f27be9c9000-7f27be9ca000 rw-p 0006c000 08:07 1843236                    /usr/lib/x86_64-linux-gnu/nss/libfreebl3.so
7f27be9ca000-7f27be9ce000 rw-p 00000000 00:00 0 
7f27be9ce000-7f27bea6c000 r-xp 00000000 08:07 1581364                    /usr/lib/x86_64-linux-gnu/libsqlite3.so.0.8.6
7f27bea6c000-7f27bec6c000 ---p 0009e000 08:07 1581364                    /usr/lib/x86_64-linux-gnu/libsqlite3.so.0.8.6
7f27bec6c000-7f27bec6e000 r--p 0009e000 08:07 1581364                    /usr/lib/x86_64-linux-gnu/libsqlite3.so.0.8.6
7f27bec6e000-7f27bec70000 rw-p 000a0000 08:07 1581364                    /usr/lib/x86_64-linux-gnu/libsqlite3.so.0.8.6
7f27bec70000-7f27bec71000 rw-p 00000000 00:00 0 
7f27bec71000-7f27beca9000 r-xp 00000000 08:07 1843091                    /usr/lib/x86_64-linux-gnu/nss/libsoftokn3.so
7f27beca9000-7f27beea8000 ---p 00038000 08:07 1843091                    /usr/lib/x86_64-linux-gnu/nss/libsoftokn3.so
7f27beea8000-7f27beeaa000 r--p 00037000 08:07 1843091                    /usr/lib/x86_64-linux-gnu/nss/libsoftokn3.so
7f27beeaa000-7f27beeab000 rw-p 00039000 08:07 1843091                    /usr/lib/x86_64-linux-gnu/nss/libsoftokn3.so
7f27beeab000-7f27beee5000 r-xp 00000000 08:07 1581243                    /usr/lib/x86_64-linux-gnu/libnspr4.so
7f27beee5000-7f27bf0e5000 ---p 0003a000 08:07 1581243                    /usr/lib/x86_64-linux-gnu/libnspr4.so
7f27bf0e5000-7f27bf0e6000 r--p 0003a000 08:07 1581243                    /usr/lib/x86_64-linux-gnu/libnspr4.so
7f27bf0e6000-7f27bf0e8000 rw-p 0003b000 08:07 1581243                    /usr/lib/x86_64-linux-gnu/libnspr4.so
7f27bf0e8000-7f27bf0ea000 rw-p 00000000 00:00 0 
7f27bf0ea000-7f27bf0ed000 r-xp 00000000 08:07 1581291                    /usr/lib/x86_64-linux-gnu/libplds4.so
7f27bf0ed000-7f27bf2ec000 ---p 00003000 08:07 1581291                    /usr/lib/x86_64-linux-gnu/libplds4.so
7f27bf2ec000-7f27bf2ed000 r--p 00002000 08:07 1581291                    /usr/lib/x86_64-linux-gnu/libplds4.so
7f27bf2ed000-7f27bf2ee000 rw-p 00003000 08:07 1581291                    /usr/lib/x86_64-linux-gnu/libplds4.so
7f27bf2ee000-7f27bf2f2000 r-xp 00000000 08:07 1581290                    /usr/lib/x86_64-linux-gnu/libplc4.so
7f27bf2f2000-7f27bf4f1000 ---p 00004000 08:07 1581290                    /usr/lib/x86_64-linux-gnu/libplc4.so
7f27bf4f1000-7f27bf4f2000 r--p 00003000 08:07 1581290                    /usr/lib/x86_64-linux-gnu/libplc4.so
7f27bf4f2000-7f27bf4f3000 rw-p 00004000 08:07 1581290                    /usr/lib/x86_64-linux-gnu/libplc4.so
7f27bf4f3000-7f27bf514000 r-xp 00000000 08:07 1576470                    /usr/lib/x86_64-linux-gnu/libnssutil3.so
7f27bf514000-7f27bf713000 ---p 00021000 08:07 1576470                    /usr/lib/x86_64-linux-gnu/libnssutil3.so
7f27bf713000-7f27bf719000 r--p 00020000 08:07 1576470                    /usr/lib/x86_64-linux-gnu/libnssutil3.so
7f27bf719000-7f27bf71a000 rw-p 00026000 08:07 1576470                    /usr/lib/x86_64-linux-gnu/libnssutil3.so
7f27bf71a000-7f27bf81a000 r-xp 00000000 08:07 1576474                    /usr/lib/x86_64-linux-gnu/libnss3.so
7f27bf81a000-7f27bfa1a000 ---p 00100000 08:07 1576474                    /usr/lib/x86_64-linux-gnu/libnss3.so
7f27bfa1a000-7f27bfa1f000 r--p 00100000 08:07 1576474                    /usr/lib/x86_64-linux-gnu/libnss3.so
7f27bfa1f000-7f27bfa22000 rw-p 00105000 08:07 1576474                    /usr/lib/x86_64-linux-gnu/libnss3.so
7f27bfa22000-7f27bfa23000 rw-p 00000000 00:00 0 
7f27bfa23000-7f27bfa33000 r-xp 00000000 08:07 1590716                    /usr/lib/jvm/java-7-openjdk-amd64/jre/lib/amd64/libj2pkcs11.so
7f27bfa33000-7f27bfc32000 ---p 00010000 08:07 1590716                    /usr/lib/jvm/java-7-openjdk-amd64/jre/lib/amd64/libj2pkcs11.so
7f27bfc32000-7f27bfc33000 r--p 0000f000 08:07 1590716                    /usr/lib/jvm/java-7-openjdk-amd64/jre/lib/amd64/libj2pkcs11.so
7f27bfc33000-7f27bfc34000 rw-p 00010000 08:07 1590716                    /usr/lib/jvm/java-7-openjdk-amd64/jre/lib/amd64/libj2pkcs11.so
7f27bfc34000-7f27bfc37000 r-xp 00000000 08:07 528389                     /lib/x86_64-linux-gnu/libgpg-error.so.0.8.0
7f27bfc37000-7f27bfe36000 ---p 00003000 08:07 528389                     /lib/x86_64-linux-gnu/libgpg-error.so.0.8.0
7f27bfe36000-7f27bfe37000 r--p 00002000 08:07 528389                     /lib/x86_64-linux-gnu/libgpg-error.so.0.8.0
7f27bfe37000-7f27bfe38000 rw-p 00003000 08:07 528389                     /lib/x86_64-linux-gnu/libgpg-error.so.0.8.0
7f27bfe38000-7f27bfe3b000 r-xp 00000000 08:07 528393                     /lib/x86_64-linux-gnu/libkeyutils.so.1.4
7f27bfe3b000-7f27c003a000 ---p 00003000 08:07 528393                     /lib/x86_64-linux-gnu/libkeyutils.so.1.4
7f27c003a000-7f27c003b000 r--p 00002000 08:07 528393                     /lib/x86_64-linux-gnu/libkeyutils.so.1.4
7f27c003b000-7f27c003c000 rw-p 00003000 08:07 528393                     /lib/x86_64-linux-gnu/libkeyutils.so.1.4
7f27c003c000-7f27c007e000 r-xp 00000000 08:07 528374                     /lib/x86_64-linux-gnu/libdbus-1.so.3.5.8
7f27c007e000-7f27c027e000 ---p 00042000 08:07 528374                     /lib/x86_64-linux-gnu/libdbus-1.so.3.5.8
7f27c027e000-7f27c027f000 r--p 00042000 08:07 528374                     /lib/x86_64-linux-gnu/libdbus-1.so.3.5.8
7f27c027f000-7f27c0280000 rw-p 00043000 08:07 528374                     /lib/x86_64-linux-gnu/libdbus-1.so.3.5.8
7f27c0280000-7f27c0291000 r-xp 00000000 08:07 1581263                    /usr/lib/x86_64-linux-gnu/libp11-kit.so.0.0.0
7f27c0291000-7f27c0490000 ---p 00011000 08:07 1581263                    /usr/lib/x86_64-linux-gnu/libp11-kit.so.0.0.0
7f27c0490000-7f27c0491000 r--p 00010000 08:07 1581263                    /usr/lib/x86_64-linux-gnu/libp11-kit.so.0.0.0
7f27c0491000-7f27c0492000 rw-p 00011000 08:07 1581263                    /usr/lib/x86_64-linux-gnu/libp11-kit.so.0.0.0
7f27c0492000-7f27c050c000 r-xp 00000000 08:07 528385                     /lib/x86_64-linux-gnu/libgcrypt.so.11.7.0
7f27c050c000-7f27c070c000 ---p 0007a000 08:07 528385                     /lib/x86_64-linux-gnu/libgcrypt.so.11.7.0
7f27c070c000-7f27c070d000 r--p 0007a000 08:07 528385                     /lib/x86_64-linux-gnu/libgcrypt.so.11.7.0
7f27c070d000-7f27c0710000 rw-p 0007b000 08:07 528385                     /lib/x86_64-linux-gnu/libgcrypt.so.11.7.0
7f27c0710000-7f27c0720000 r-xp 00000000 08:07 1581380                    /usr/lib/x86_64-linux-gnu/libtasn1.so.3.1.12
7f27c0720000-7f27c091f000 ---p 00010000 08:07 1581380                    /usr/lib/x86_64-linux-gnu/libtasn1.so.3.1.12
7f27c091f000-7f27c0920000 r--p 0000f000 08:07 1581380                    /usr/lib/x86_64-linux-gnu/libtasn1.so.3.1.12
7f27c0920000-7f27c0921000 rw-p 00010000 08:07 1581380                    /usr/lib/x86_64-linux-gnu/libtasn1.so.3.1.12
7f27c0921000-7f27c0928000 r-xp 00000000 08:07 1581200                    /usr/lib/x86_64-linux-gnu/libkrb5support.so.0.1
7f27c0928000-7f27c0b27000 ---p 00007000 08:07 1581200                    /usr/lib/x86_64-linux-gnu/libkrb5support.so.0.1
7f27c0b27000-7f27c0b28000 r--p 00006000 08:07 1581200                    /usr/lib/x86_64-linux-gnu/libkrb5support.so.0.1
7f27c0b28000-7f27c0b29000 rw-p 00007000 08:07 1581200                    /usr/lib/x86_64-linux-gnu/libkrb5support.so.0.1
7f27c0b29000-7f27c0b2c000 r-xp 00000000 08:07 528369                     /lib/x86_64-linux-gnu/libcom_err.so.2.1
7f27c0b2c000-7f27c0d2b000 ---p 00003000 08:07 528369                     /lib/x86_64-linux-gnu/libcom_err.so.2.1
7f27c0d2b000-7f27c0d2c000 r--p 00002000 08:07 528369                     /lib/x86_64-linux-gnu/libcom_err.so.2.1
7f27c0d2c000-7f27c0d2d000 rw-p 00003000 08:07 528369                     /lib/x86_64-linux-gnu/libcom_err.so.2.1
7f27c0d2d000-7f27c0d52000 r-xp 00000000 08:07 1581194                    /usr/lib/x86_64-linux-gnu/libk5crypto.so.3.1
7f27c0d52000-7f27c0f52000 ---p 00025000 08:07 1581194                    /usr/lib/x86_64-linux-gnu/libk5crypto.so.3.1
7f27c0f52000-7f27c0f53000 r--p 00025000 08:07 1581194                    /usr/lib/x86_64-linux-gnu/libk5crypto.so.3.1
7f27c0f53000-7f27c0f54000 rw-p 00026000 08:07 1581194                    /usr/lib/x86_64-linux-gnu/libk5crypto.so.3.1
7f27c0f54000-7f27c0f55000 rw-p 00000000 00:00 0 
7f27c0f55000-7f27c1019000 r-xp 00000000 08:07 1581198                    /usr/lib/x86_64-linux-gnu/libkrb5.so.3.3
7f27c1019000-7f27c1218000 ---p 000c4000 08:07 1581198                    /usr/lib/x86_64-linux-gnu/libkrb5.so.3.3
7f27c1218000-7f27c1222000 r--p 000c3000 08:07 1581198                    /usr/lib/x86_64-linux-gnu/libkrb5.so.3.3
7f27c1222000-7f27c1223000 rw-p 000cd000 08:07 1581198                    /usr/lib/x86_64-linux-gnu/libkrb5.so.3.3
7f27c1223000-7f27c122b000 r-xp 00000000 08:07 1581437                    /usr/lib/x86_64-linux-gnu/libxcb-render.so.0.0.0
7f27c122b000-7f27c142b000 ---p 00008000 08:07 1581437                    /usr/lib/x86_64-linux-gnu/libxcb-render.so.0.0.0
7f27c142b000-7f27c142c000 r--p 00008000 08:07 1581437                    /usr/lib/x86_64-linux-gnu/libxcb-render.so.0.0.0
7f27c142c000-7f27c142d000 rw-p 00009000 08:07 1581437                    /usr/lib/x86_64-linux-gnu/libxcb-render.so.0.0.0
7f27c142d000-7f27c142f000 r-xp 00000000 08:07 1581441                    /usr/lib/x86_64-linux-gnu/libxcb-shm.so.0.0.0
7f27c142f000-7f27c162e000 ---p 00002000 08:07 1581441                    /usr/lib/x86_64-linux-gnu/libxcb-shm.so.0.0.0
7f27c162e000-7f27c162f000 r--p 00001000 08:07 1581441                    /usr/lib/x86_64-linux-gnu/libxcb-shm.so.0.0.0
7f27c162f000-7f27c1630000 rw-p 00002000 08:07 1581441                    /usr/lib/x86_64-linux-gnu/libxcb-shm.so.0.0.0
7f27c1630000-7f27c1656000 r-xp 00000000 08:07 528439                     /lib/x86_64-linux-gnu/libpng12.so.0.46.0
7f27c1656000-7f27c1856000 ---p 00026000 08:07 528439                     /lib/x86_64-linux-gnu/libpng12.so.0.46.0
7f27c1856000-7f27c1857000 r--p 00026000 08:07 528439                     /lib/x86_64-linux-gnu/libpng12.so.0.46.0
7f27c1857000-7f27c1858000 rw-p 00027000 08:07 528439                     /lib/x86_64-linux-gnu/libpng12.so.0.46.0
7f27c1858000-7f27c18e8000 r-xp 00000000 08:07 1581289                    /usr/lib/x86_64-linux-gnu/libpixman-1.so.0.30.2
7f27c18e8000-7f27c1ae7000 ---p 00090000 08:07 1581289                    /usr/lib/x86_64-linux-gnu/libpixman-1.so.0.30.2
7f27c1ae7000-7f27c1aee000 r--p 0008f000 08:07 1581289                    /usr/lib/x86_64-linux-gnu/libpixman-1.so.0.30.2
7f27c1aee000-7f27c1aef000 rw-p 00096000 08:07 1581289                    /usr/lib/x86_64-linux-gnu/libpixman-1.so.0.30.2
7f27c1aef000-7f27c1af4000 r-xp 00000000 08:07 1580839                    /usr/lib/x86_64-linux-gnu/libXdmcp.so.6.0.0
7f27c1af4000-7f27c1cf3000 ---p 00005000 08:07 1580839                    /usr/lib/x86_64-linux-gnu/libXdmcp.so.6.0.0
7f27c1cf3000-7f27c1cf4000 r--p 00004000 08:07 1580839                    /usr/lib/x86_64-linux-gnu/libXdmcp.so.6.0.0
7f27c1cf4000-7f27c1cf5000 rw-p 00005000 08:07 1580839                    /usr/lib/x86_64-linux-gnu/libXdmcp.so.6.0.0
7f27c1cf5000-7f27c1cf7000 r-xp 00000000 08:07 1580828                    /usr/lib/x86_64-linux-gnu/libXau.so.6.0.0
7f27c1cf7000-7f27c1ef6000 ---p 00002000 08:07 1580828                    /usr/lib/x86_64-linux-gnu/libXau.so.6.0.0
7f27c1ef6000-7f27c1ef7000 r--p 00001000 08:07 1580828                    /usr/lib/x86_64-linux-gnu/libXau.so.6.0.0
7f27c1ef7000-7f27c1ef8000 rw-p 00002000 08:07 1580828                    /usr/lib/x86_64-linux-gnu/libXau.so.6.0.0
7f27c1ef8000-7f27c1f08000 r-xp 00000000 08:07 1580899                    /usr/lib/x86_64-linux-gnu/libavahi-client.so.3.2.9
7f27c1f08000-7f27c2107000 ---p 00010000 08:07 1580899                    /usr/lib/x86_64-linux-gnu/libavahi-client.so.3.2.9
7f27c2107000-7f27c2108000 r--p 0000f000 08:07 1580899                    /usr/lib/x86_64-linux-gnu/libavahi-client.so.3.2.9
7f27c2108000-7f27c2109000 rw-p 00010000 08:07 1580899                    /usr/lib/x86_64-linux-gnu/libavahi-client.so.3.2.9
7f27c2109000-7f27c2114000 r-xp 00000000 08:07 1580901                    /usr/lib/x86_64-linux-gnu/libavahi-common.so.3.5.3
7f27c2114000-7f27c2313000 ---p 0000b000 08:07 1580901                    /usr/lib/x86_64-linux-gnu/libavahi-common.so.3.5.3
7f27c2313000-7f27c2314000 r--p 0000a000 08:07 1580901                    /usr/lib/x86_64-linux-gnu/libavahi-common.so.3.5.3
7f27c2314000-7f27c2315000 rw-p 0000b000 08:07 1580901                    /usr/lib/x86_64-linux-gnu/libavahi-common.so.3.5.3
7f27c2315000-7f27c23c9000 r-xp 00000000 08:07 1573698                    /usr/lib/x86_64-linux-gnu/libgnutls.so.26.21.8
7f27c23c9000-7f27c25c9000 ---p 000b4000 08:07 1573698                    /usr/lib/x86_64-linux-gnu/libgnutls.so.26.21.8
7f27c25c9000-7f27c25cf000 r--p 000b4000 08:07 1573698                    /usr/lib/x86_64-linux-gnu/libgnutls.so.26.21.8
7f27c25cf000-7f27c25d0000 rw-p 000ba000 08:07 1573698                    /usr/lib/x86_64-linux-gnu/libgnutls.so.26.21.8
7f27c25d0000-7f27c25d1000 rw-p 00000000 00:00 0 
7f27c25d1000-7f27c260c000 r-xp 00000000 08:07 1581105                    /usr/lib/x86_64-linux-gnu/libgssapi_krb5.so.2.2
7f27c260c000-7f27c280c000 ---p 0003b000 08:07 1581105                    /usr/lib/x86_64-linux-gnu/libgssapi_krb5.so.2.2
7f27c280c000-7f27c280d000 r--p 0003b000 08:07 1581105                    /usr/lib/x86_64-linux-gnu/libgssapi_krb5.so.2.2
7f27c280d000-7f27c280f000 rw-p 0003c000 08:07 1581105                    /usr/lib/x86_64-linux-gnu/libgssapi_krb5.so.2.2
7f27c280f000-7f27c2836000 r-xp 00000000 08:07 528380                     /lib/x86_64-linux-gnu/libexpat.so.1.5.2
7f27c2836000-7f27c2a36000 ---p 00027000 08:07 528380                     /lib/x86_64-linux-gnu/libexpat.so.1.5.2
7f27c2a36000-7f27c2a38000 r--p 00027000 08:07 528380                     /lib/x86_64-linux-gnu/libexpat.so.1.5.2
7f27c2a38000-7f27c2a39000 rw-p 00029000 08:07 528380                     /lib/x86_64-linux-gnu/libexpat.so.1.5.2
7f27c2a39000-7f27c2acf000 r-xp 00000000 08:07 1581031                    /usr/lib/x86_64-linux-gnu/libfreetype.so.6.8.0
7f27c2acf000-7f27c2cce000 ---p 00096000 08:07 1581031                    /usr/lib/x86_64-linux-gnu/libfreetype.so.6.8.0
7f27c2cce000-7f27c2cd4000 r--p 00095000 08:07 1581031                    /usr/lib/x86_64-linux-gnu/libfreetype.so.6.8.0
7f27c2cd4000-7f27c2cd5000 rw-p 0009b000 08:07 1581031                    /usr/lib/x86_64-linux-gnu/libfreetype.so.6.8.0
7f27c2cd5000-7f27c2cd7000 r-xp 00000000 08:07 1580837                    /usr/lib/x86_64-linux-gnu/libXdamage.so.1.1.0
7f27c2cd7000-7f27c2ed6000 ---p 00002000 08:07 1580837                    /usr/lib/x86_64-linux-gnu/libXdamage.so.1.1.0
7f27c2ed6000-7f27c2ed7000 r--p 00001000 08:07 1580837                    /usr/lib/x86_64-linux-gnu/libXdamage.so.1.1.0
7f27c2ed7000-7f27c2ed8000 rw-p 00002000 08:07 1580837                    /usr/lib/x86_64-linux-gnu/libXdamage.so.1.1.0
7f27c2ed8000-7f27c2eda000 r-xp 00000000 08:07 1580833                    /usr/lib/x86_64-linux-gnu/libXcomposite.so.1.0.0
7f27c2eda000-7f27c30d9000 ---p 00002000 08:07 1580833                    /usr/lib/x86_64-linux-gnu/libXcomposite.so.1.0.0
7f27c30d9000-7f27c30da000 r--p 00001000 08:07 1580833                    /usr/lib/x86_64-linux-gnu/libXcomposite.so.1.0.0
7f27c30da000-7f27c30db000 rw-p 00002000 08:07 1580833                    /usr/lib/x86_64-linux-gnu/libXcomposite.so.1.0.0
7f27c30db000-7f27c30e4000 r-xp 00000000 08:07 1580835                    /usr/lib/x86_64-linux-gnu/libXcursor.so.1.0.2
7f27c30e4000-7f27c32e3000 ---p 00009000 08:07 1580835                    /usr/lib/x86_64-linux-gnu/libXcursor.so.1.0.2
7f27c32e3000-7f27c32e4000 r--p 00008000 08:07 1580835                    /usr/lib/x86_64-linux-gnu/libXcursor.so.1.0.2
7f27c32e4000-7f27c32e5000 rw-p 00009000 08:07 1580835                    /usr/lib/x86_64-linux-gnu/libXcursor.so.1.0.2
7f27c32e5000-7f27c32ec000 r-xp 00000000 08:07 1580859                    /usr/lib/x86_64-linux-gnu/libXrandr.so.2.2.0
7f27c32ec000-7f27c34eb000 ---p 00007000 08:07 1580859                    /usr/lib/x86_64-linux-gnu/libXrandr.so.2.2.0
7f27c34eb000-7f27c34ec000 r--p 00006000 08:07 1580859                    /usr/lib/x86_64-linux-gnu/libXrandr.so.2.2.0
7f27c34ec000-7f27c34ed000 rw-p 00007000 08:07 1580859                    /usr/lib/x86_64-linux-gnu/libXrandr.so.2.2.0
7f27c34ed000-7f27c34ef000 r-xp 00000000 08:07 1580849                    /usr/lib/x86_64-linux-gnu/libXinerama.so.1.0.0
7f27c34ef000-7f27c36ee000 ---p 00002000 08:07 1580849                    /usr/lib/x86_64-linux-gnu/libXinerama.so.1.0.0
7f27c36ee000-7f27c36ef000 r--p 00001000 08:07 1580849                    /usr/lib/x86_64-linux-gnu/libXinerama.so.1.0.0
7f27c36ef000-7f27c36f0000 rw-p 00002000 08:07 1580849                    /usr/lib/x86_64-linux-gnu/libXinerama.so.1.0.0
7f27c36f0000-7f27c3719000 r-xp 00000000 08:07 1581273                    /usr/lib/x86_64-linux-gnu/libpangoft2-1.0.so.0.3000.0
7f27c3719000-7f27c3918000 ---p 00029000 08:07 1581273                    /usr/lib/x86_64-linux-gnu/libpangoft2-1.0.so.0.3000.0
7f27c3918000-7f27c3919000 r--p 00028000 08:07 1581273                    /usr/lib/x86_64-linux-gnu/libpangoft2-1.0.so.0.3000.0
7f27c3919000-7f27c391a000 rw-p 00029000 08:07 1581273                    /usr/lib/x86_64-linux-gnu/libpangoft2-1.0.so.0.3000.0
7f27c391a000-7f27c39d3000 r-xp 00000000 08:07 1580929                    /usr/lib/x86_64-linux-gnu/libcairo.so.2.11000.2
7f27c39d3000-7f27c3bd2000 ---p 000b9000 08:07 1580929                    /usr/lib/x86_64-linux-gnu/libcairo.so.2.11000.2
7f27c3bd2000-7f27c3bd4000 r--p 000b8000 08:07 1580929                    /usr/lib/x86_64-linux-gnu/libcairo.so.2.11000.2
7f27c3bd4000-7f27c3bd5000 rw-p 000ba000 08:07 1580929                    /usr/lib/x86_64-linux-gnu/libcairo.so.2.11000.2
7f27c3bd5000-7f27c3bd8000 rw-p 00000000 00:00 0 
7f27c3bd8000-7f27c3bf7000 r-xp 00000000 08:07 1580891                    /usr/lib/x86_64-linux-gnu/libatk-1.0.so.0.20409.1
7f27c3bf7000-7f27c3df7000 ---p 0001f000 08:07 1580891                    /usr/lib/x86_64-linux-gnu/libatk-1.0.so.0.20409.1
7f27c3df7000-7f27c3df9000 r--p 0001f000 08:07 1580891                    /usr/lib/x86_64-linux-gnu/libatk-1.0.so.0.20409.1
7f27c3df9000-7f27c3dfa000 rw-p 00021000 08:07 1580891                    /usr/lib/x86_64-linux-gnu/libatk-1.0.so.0.20409.1
7f27c3dfa000-7f27c3dff000 r-xp 00000000 08:07 1580843                    /usr/lib/x86_64-linux-gnu/libXfixes.so.3.1.0
7f27c3dff000-7f27c3ffe000 ---p 00005000 08:07 1580843                    /usr/lib/x86_64-linux-gnu/libXfixes.so.3.1.0
7f27c3ffe000-7f27c3fff000 r--p 00004000 08:07 1580843                    /usr/lib/x86_64-linux-gnu/libXfixes.so.3.1.0
7f27c3fff000-7f27c4000000 rw-p 00005000 08:07 1580843                    /usr/lib/x86_64-linux-gnu/libXfixes.so.3.1.0
7f27c4000000-7f27c4021000 rw-p 00000000 00:00 0 
7f27c4021000-7f27c8000000 ---p 00000000 00:00 0 
7f27c8000000-7f27c8156000 rw-p 00000000 00:00 0 
7f27c8156000-7f27cc000000 ---p 00000000 00:00 0 
7f27cc000000-7f27cc0ad000 rw-p 00000000 00:00 0 
7f27cc0ad000-7f27d0000000 ---p 00000000 00:00 0 
7f27d0000000-7f27d00a7000 rw-p 00000000 00:00 0 
7f27d00a7000-7f27d4000000 ---p 00000000 00:00 0 
7f27d4000000-7f27d4021000 rw-p 00000000 00:00 0 
7f27d4021000-7f27d8000000 ---p 00000000 00:00 0 
7f27d8000000-7f27d8130000 rw-p 00000000 00:00 0 
7f27d8130000-7f27dc000000 ---p 00000000 00:00 0 
7f27dc000000-7f27dc066000 rw-p 00000000 00:00 0 
7f27dc066000-7f27e0000000 ---p 00000000 00:00 0 
7f27e0000000-7f27e0021000 rw-p 00000000 00:00 0 
7f27e0021000-7f27e4000000 ---p 00000000 00:00 0 
7f27e4035000-7f27e4040000 r-xp 00000000 08:07 1581271                    /usr/lib/x86_64-linux-gnu/libpangocairo-1.0.so.0.3000.0
7f27e4040000-7f27e423f000 ---p 0000b000 08:07 1581271                    /usr/lib/x86_64-linux-gnu/libpangocairo-1.0.so.0.3000.0
7f27e423f000-7f27e4240000 r--p 0000a000 08:07 1581271                    /usr/lib/x86_64-linux-gnu/libpangocairo-1.0.so.0.3000.0
7f27e4240000-7f27e4241000 rw-p 0000b000 08:07 1581271                    /usr/lib/x86_64-linux-gnu/libpangocairo-1.0.so.0.3000.0
7f27e4241000-7f27e425e000 r-xp 00000000 08:07 1581447                    /usr/lib/x86_64-linux-gnu/libxcb.so.1.1.0
7f27e425e000-7f27e445d000 ---p 0001d000 08:07 1581447                    /usr/lib/x86_64-linux-gnu/libxcb.so.1.1.0
7f27e445d000-7f27e445e000 r--p 0001c000 08:07 1581447                    /usr/lib/x86_64-linux-gnu/libxcb.so.1.1.0
7f27e445e000-7f27e445f000 rw-p 0001d000 08:07 1581447                    /usr/lib/x86_64-linux-gnu/libxcb.so.1.1.0
7f27e445f000-7f27e44af000 r-xp 00000000 08:07 1572978                    /usr/lib/x86_64-linux-gnu/libcups.so.2
7f27e44af000-7f27e46ae000 ---p 00050000 08:07 1572978                    /usr/lib/x86_64-linux-gnu/libcups.so.2
7f27e46ae000-7f27e46b2000 r--p 0004f000 08:07 1572978                    /usr/lib/x86_64-linux-gnu/libcups.so.2
7f27e46b2000-7f27e46b3000 rw-p 00053000 08:07 1572978                    /usr/lib/x86_64-linux-gnu/libcups.so.2
7f27e46b3000-7f27e46b4000 r-xp 00000000 08:07 1581149                    /usr/lib/x86_64-linux-gnu/libgthread-2.0.so.0.3200.4
7f27e46b4000-7f27e48b3000 ---p 00001000 08:07 1581149                    /usr/lib/x86_64-linux-gnu/libgthread-2.0.so.0.3200.4
7f27e48b3000-7f27e48b4000 r--p 00000000 08:07 1581149                    /usr/lib/x86_64-linux-gnu/libgthread-2.0.so.0.3200.4
7f27e48b4000-7f27e48b5000 rw-p 00001000 08:07 1581149                    /usr/lib/x86_64-linux-gnu/libgthread-2.0.so.0.3200.4
7f27e48b5000-7f27e48e9000 r-xp 00000000 08:07 1581023                    /usr/lib/x86_64-linux-gnu/libfontconfig.so.1.4.4
7f27e48e9000-7f27e4ae9000 ---p 00034000 08:07 1581023                    /usr/lib/x86_64-linux-gnu/libfontconfig.so.1.4.4
7f27e4ae9000-7f27e4aea000 r--p 00034000 08:07 1581023                    /usr/lib/x86_64-linux-gnu/libfontconfig.so.1.4.4
7f27e4aea000-7f27e4aeb000 rw-p 00035000 08:07 1581023                    /usr/lib/x86_64-linux-gnu/libfontconfig.so.1.4.4
7f27e4aeb000-7f27e4b31000 r-xp 00000000 08:07 1581269                    /usr/lib/x86_64-linux-gnu/libpango-1.0.so.0.3000.0
7f27e4b31000-7f27e4d31000 ---p 00046000 08:07 1581269                    /usr/lib/x86_64-linux-gnu/libpango-1.0.so.0.3000.0
7f27e4d31000-7f27e4d33000 r--p 00046000 08:07 1581269                    /usr/lib/x86_64-linux-gnu/libpango-1.0.so.0.3000.0
7f27e4d33000-7f27e4d34000 rw-p 00048000 08:07 1581269                    /usr/lib/x86_64-linux-gnu/libpango-1.0.so.0.3000.0
7f27e4d34000-7f27e4d52000 r-xp 00000000 08:07 1576522                    /usr/lib/x86_64-linux-gnu/libgdk_pixbuf-2.0.so.0.2600.1
7f27e4d52000-7f27e4f52000 ---p 0001e000 08:07 1576522                    /usr/lib/x86_64-linux-gnu/libgdk_pixbuf-2.0.so.0.2600.1
7f27e4f52000-7f27e4f53000 r--p 0001e000 08:07 1576522                    /usr/lib/x86_64-linux-gnu/libgdk_pixbuf-2.0.so.0.2600.1
7f27e4f53000-7f27e4f54000 rw-p 0001f000 08:07 1576522                    /usr/lib/x86_64-linux-gnu/libgdk_pixbuf-2.0.so.0.2600.1
7f27e4f54000-7f27e5001000 r-xp 00000000 08:07 1576529                    /usr/lib/x86_64-linux-gnu/libgdk-x11-2.0.so.0.2400.10
7f27e5001000-7f27e5200000 ---p 000ad000 08:07 1576529                    /usr/lib/x86_64-linux-gnu/libgdk-x11-2.0.so.0.2400.10
7f27e5200000-7f27e5204000 r--p 000ac000 08:07 1576529                    /usr/lib/x86_64-linux-gnu/libgdk-x11-2.0.so.0.2400.10
7f27e5204000-7f27e5206000 rw-p 000b0000 08:07 1576529                    /usr/lib/x86_64-linux-gnu/libgdk-x11-2.0.so.0.2400.10
7f27e5206000-7f27e5634000 r-xp 00000000 08:07 1576533                    /usr/lib/x86_64-linux-gnu/libgtk-x11-2.0.so.0.2400.10
7f27e5634000-7f27e5833000 ---p 0042e000 08:07 1576533                    /usr/lib/x86_64-linux-gnu/libgtk-x11-2.0.so.0.2400.10
7f27e5833000-7f27e583a000 r--p 0042d000 08:07 1576533                    /usr/lib/x86_64-linux-gnu/libgtk-x11-2.0.so.0.2400.10
7f27e583a000-7f27e583e000 rw-p 00434000 08:07 1576533                    /usr/lib/x86_64-linux-gnu/libgtk-x11-2.0.so.0.2400.10
7f27e583e000-7f27e5840000 rw-p 00000000 00:00 0 
7f27e5840000-7f27e584f000 r-xp 00000000 08:07 1580847                    /usr/lib/x86_64-linux-gnu/libXi.so.6.1.0
7f27e584f000-7f27e5a4e000 ---p 0000f000 08:07 1580847                    /usr/lib/x86_64-linux-gnu/libXi.so.6.1.0
7f27e5a4e000-7f27e5a4f000 r--p 0000e000 08:07 1580847                    /usr/lib/x86_64-linux-gnu/libXi.so.6.1.0
7f27e5a4f000-7f27e5a50000 rw-p 0000f000 08:07 1580847                    /usr/lib/x86_64-linux-gnu/libXi.so.6.1.0
7f27e5a50000-7f27e5a55000 r-xp 00000000 08:07 1580867                    /usr/lib/x86_64-linux-gnu/libXtst.so.6.1.0
7f27e5a55000-7f27e5c54000 ---p 00005000 08:07 1580867                    /usr/lib/x86_64-linux-gnu/libXtst.so.6.1.0
7f27e5c54000-7f27e5c55000 r--p 00004000 08:07 1580867                    /usr/lib/x86_64-linux-gnu/libXtst.so.6.1.0
7f27e5c55000-7f27e5c56000 rw-p 00005000 08:07 1580867                    /usr/lib/x86_64-linux-gnu/libXtst.so.6.1.0
7f27e5c56000-7f27e5c5f000 r-xp 00000000 08:07 1580863                    /usr/lib/x86_64-linux-gnu/libXrender.so.1.3.0
7f27e5c5f000-7f27e5e5e000 ---p 00009000 08:07 1580863                    /usr/lib/x86_64-linux-gnu/libXrender.so.1.3.0
7f27e5e5e000-7f27e5e5f000 r--p 00008000 08:07 1580863                    /usr/lib/x86_64-linux-gnu/libXrender.so.1.3.0
7f27e5e5f000-7f27e5e60000 rw-p 00009000 08:07 1580863                    /usr/lib/x86_64-linux-gnu/libXrender.so.1.3.0
7f27e5e60000-7f27e5f90000 r-xp 00000000 08:07 1580826                    /usr/lib/x86_64-linux-gnu/libX11.so.6.3.0
7f27e5f90000-7f27e6190000 ---p 00130000 08:07 1580826                    /usr/lib/x86_64-linux-gnu/libX11.so.6.3.0
7f27e6190000-7f27e6191000 r--p 00130000 08:07 1580826                    /usr/lib/x86_64-linux-gnu/libX11.so.6.3.0
7f27e6191000-7f27e6195000 rw-p 00131000 08:07 1580826                    /usr/lib/x86_64-linux-gnu/libX11.so.6.3.0
7f27e6195000-7f27e61a5000 r-xp 00000000 08:07 1580841                    /usr/lib/x86_64-linux-gnu/libXext.so.6.4.0
7f27e61a5000-7f27e63a4000 ---p 00010000 08:07 1580841                    /usr/lib/x86_64-linux-gnu/libXext.so.6.4.0
7f27e63a4000-7f27e63a5000 r--p 0000f000 08:07 1580841                    /usr/lib/x86_64-linux-gnu/libXext.so.6.4.0
7f27e63a5000-7f27e63a6000 rw-p 00010000 08:07 1580841                    /usr/lib/x86_64-linux-gnu/libXext.so.6.4.0
7f27e63a6000-7f27e63f8000 r-xp 00000000 08:07 1590798                    /usr/lib/jvm/java-7-openjdk-amd64/jre/lib/amd64/xawt/libmawt.so
7f27e63f8000-7f27e65f8000 ---p 00052000 08:07 1590798                    /usr/lib/jvm/java-7-openjdk-amd64/jre/lib/amd64/xawt/libmawt.so
7f27e65f8000-7f27e65f9000 r--p 00052000 08:07 1590798                    /usr/lib/jvm/java-7-openjdk-amd64/jre/lib/amd64/xawt/libmawt.so
7f27e65f9000-7f27e65fc000 rw-p 00053000 08:07 1590798                    /usr/lib/jvm/java-7-openjdk-amd64/jre/lib/amd64/xawt/libmawt.so
7f27e65fc000-7f27e65fd000 rw-p 00000000 00:00 0 
7f27e65fd000-7f27e669f000 r-xp 00000000 08:07 1590720                    /usr/lib/jvm/java-7-openjdk-amd64/jre/lib/amd64/libawt.so
7f27e669f000-7f27e689e000 ---p 000a2000 08:07 1590720                    /usr/lib/jvm/java-7-openjdk-amd64/jre/lib/amd64/libawt.so
7f27e689e000-7f27e689f000 r--p 000a1000 08:07 1590720                    /usr/lib/jvm/java-7-openjdk-amd64/jre/lib/amd64/libawt.so
7f27e689f000-7f27e68aa000 rw-p 000a2000 08:07 1590720                    /usr/lib/jvm/java-7-openjdk-amd64/jre/lib/amd64/libawt.so
7f27e68aa000-7f27e68cf000 rw-p 00000000 00:00 0 
7f27e68cf000-7f27e68df000 r-xp 00000000 08:07 1590711                    /usr/lib/jvm/java-7-openjdk-amd64/jre/lib/amd64/libnio.so
7f27e68df000-7f27e6ade000 ---p 00010000 08:07 1590711                    /usr/lib/jvm/java-7-openjdk-amd64/jre/lib/amd64/libnio.so
7f27e6ade000-7f27e6adf000 r--p 0000f000 08:07 1590711                    /usr/lib/jvm/java-7-openjdk-amd64/jre/lib/amd64/libnio.so
7f27e6adf000-7f27e6ae0000 rw-p 00010000 08:07 1590711                    /usr/lib/jvm/java-7-openjdk-amd64/jre/lib/amd64/libnio.so
7f27e6ae0000-7f27e6ae3000 ---p 00000000 00:00 0 
7f27e6ae3000-7f27e6be1000 rw-p 00000000 00:00 0                          [stack:24410]
7f27e6be1000-7f27e6be8000 r-xp 00000000 08:07 528411                     /lib/x86_64-linux-gnu/libnss_dns-2.15.so
7f27e6be8000-7f27e6de7000 ---p 00007000 08:07 528411                     /lib/x86_64-linux-gnu/libnss_dns-2.15.so
7f27e6de7000-7f27e6de8000 r--p 00006000 08:07 528411                     /lib/x86_64-linux-gnu/libnss_dns-2.15.so
7f27e6de8000-7f27e6de9000 rw-p 00007000 08:07 528411                     /lib/x86_64-linux-gnu/libnss_dns-2.15.so
7f27e6de9000-7f27e6deb000 r-xp 00000000 08:07 524341                     /lib/libnss_mdns4_minimal.so.2
7f27e6deb000-7f27e6fea000 ---p 00002000 08:07 524341                     /lib/libnss_mdns4_minimal.so.2
7f27e6fea000-7f27e6feb000 r--p 00001000 08:07 524341                     /lib/libnss_mdns4_minimal.so.2
7f27e6feb000-7f27e6fec000 rw-p 00002000 08:07 524341                     /lib/libnss_mdns4_minimal.so.2
7f27e7077000-7f27e707a000 ---p 00000000 00:00 0 
7f27e707a000-7f27e7178000 rw-p 00000000 00:00 0                          [stack:24275]
7f27e7178000-7f27e717b000 ---p 00000000 00:00 0 
7f27e717b000-7f27e7279000 rw-p 00000000 00:00 0                          [stack:24274]
7f27e7279000-7f27e727c000 ---p 00000000 00:00 0 
7f27e727c000-7f27e737a000 rw-p 00000000 00:00 0                          [stack:24277]
7f27e737a000-7f27e737d000 ---p 00000000 00:00 0 
7f27e737d000-7f27e747b000 rw-p 00000000 00:00 0                          [stack:24272]
7f27e747b000-7f27e747e000 ---p 00000000 00:00 0 
7f27e747e000-7f27e757c000 rw-p 00000000 00:00 0                          [stack:24267]
7f27e757c000-7f27e75b8000 r-xp 00000000 08:07 528435                     /lib/x86_64-linux-gnu/libpcre.so.3.12.1
7f27e75b8000-7f27e77b7000 ---p 0003c000 08:07 528435                     /lib/x86_64-linux-gnu/libpcre.so.3.12.1
7f27e77b7000-7f27e77b8000 r--p 0003b000 08:07 528435                     /lib/x86_64-linux-gnu/libpcre.so.3.12.1
7f27e77b8000-7f27e77b9000 rw-p 0003c000 08:07 528435                     /lib/x86_64-linux-gnu/libpcre.so.3.12.1
7f27e77b9000-7f27e77c0000 r-xp 00000000 08:07 1581021                    /usr/lib/x86_64-linux-gnu/libffi.so.6.0.0
7f27e77c0000-7f27e79bf000 ---p 00007000 08:07 1581021                    /usr/lib/x86_64-linux-gnu/libffi.so.6.0.0
7f27e79bf000-7f27e79c0000 r--p 00006000 08:07 1581021                    /usr/lib/x86_64-linux-gnu/libffi.so.6.0.0
7f27e79c0000-7f27e79c1000 rw-p 00007000 08:07 1581021                    /usr/lib/x86_64-linux-gnu/libffi.so.6.0.0
7f27e79c1000-7f27e79d9000 r-xp 00000000 08:07 528446                     /lib/x86_64-linux-gnu/libresolv-2.15.so
7f27e79d9000-7f27e7bd9000 ---p 00018000 08:07 528446                     /lib/x86_64-linux-gnu/libresolv-2.15.so
7f27e7bd9000-7f27e7bda000 r--p 00018000 08:07 528446                     /lib/x86_64-linux-gnu/libresolv-2.15.so
7f27e7bda000-7f27e7bdb000 rw-p 00019000 08:07 528446                     /lib/x86_64-linux-gnu/libresolv-2.15.so
7f27e7bdb000-7f27e7bdd000 rw-p 00000000 00:00 0 
7f27e7bdd000-7f27e7bfa000 r-xp 00000000 08:07 528450                     /lib/x86_64-linux-gnu/libselinux.so.1
7f27e7bfa000-7f27e7df9000 ---p 0001d000 08:07 528450                     /lib/x86_64-linux-gnu/libselinux.so.1
7f27e7df9000-7f27e7dfa000 r--p 0001c000 08:07 528450                     /lib/x86_64-linux-gnu/libselinux.so.1
7f27e7dfa000-7f27e7dfb000 rw-p 0001d000 08:07 528450                     /lib/x86_64-linux-gnu/libselinux.so.1
7f27e7dfb000-7f27e7dfc000 rw-p 00000000 00:00 0 
7f27e7dfc000-7f27e7dff000 r-xp 00000000 08:07 1581078                    /usr/lib/x86_64-linux-gnu/libgmodule-2.0.so.0.3200.4
7f27e7dff000-7f27e7ffe000 ---p 00003000 08:07 1581078                    /usr/lib/x86_64-linux-gnu/libgmodule-2.0.so.0.3200.4
7f27e7ffe000-7f27e7fff000 r--p 00002000 08:07 1581078                    /usr/lib/x86_64-linux-gnu/libgmodule-2.0.so.0.3200.4
7f27e7fff000-7f27e8000000 rw-p 00003000 08:07 1581078                    /usr/lib/x86_64-linux-gnu/libgmodule-2.0.so.0.3200.4
7f27e8000000-7f27e91c5000 rw-p 00000000 00:00 0 
7f27e91c5000-7f27ec000000 ---p 00000000 00:00 0 
7f27ec000000-7f27ec021000 rw-p 00000000 00:00 0 
7f27ec021000-7f27f0000000 ---p 00000000 00:00 0 
7f27f0000000-7f27f0021000 rw-p 00000000 00:00 0 
7f27f0021000-7f27f4000000 ---p 00000000 00:00 0 
7f27f4000000-7f27f5ad5000 rw-p 00000000 00:00 0 
7f27f5ad5000-7f27f8000000 ---p 00000000 00:00 0 
7f27f8000000-7f27f825c000 rw-p 00000000 00:00 0 
7f27f825c000-7f27fc000000 ---p 00000000 00:00 0 
7f27fc000000-7f27fc021000 rw-p 00000000 00:00 0 
7f27fc021000-7f2800000000 ---p 00000000 00:00 0 
7f2800000000-7f2800021000 rw-p 00000000 00:00 0 
7f2800021000-7f2804000000 ---p 00000000 00:00 0 
7f2804000000-7f2804021000 rw-p 00000000 00:00 0 
7f2804021000-7f2808000000 ---p 00000000 00:00 0 
7f2808000000-7f2808021000 rw-p 00000000 00:00 0 
7f2808021000-7f280c000000 ---p 00000000 00:00 0 
7f280c000000-7f280c021000 rw-p 00000000 00:00 0 
7f280c021000-7f2810000000 ---p 00000000 00:00 0 
7f2810000000-7f2810021000 rw-p 00000000 00:00 0 
7f2810021000-7f2814000000 ---p 00000000 00:00 0 
7f2814000000-7f2814021000 rw-p 00000000 00:00 0 
7f2814021000-7f2818000000 ---p 00000000 00:00 0 
7f2818000000-7f2818021000 rw-p 00000000 00:00 0 
7f2818021000-7f281c000000 ---p 00000000 00:00 0 
7f281c06f000-7f281c070000 rw-p 00000000 00:00 0 
7f281c070000-7f281c073000 r--s 00017000 08:07 1590651                    /usr/lib/jvm/java-7-openjdk-amd64/jre/lib/jce.jar
7f281c073000-7f281c07e000 r--s 00203000 08:07 1590650                    /usr/lib/jvm/java-7-openjdk-amd64/jre/lib/charsets.jar
7f281c07e000-7f281c083000 r--s 0004c000 08:07 1590671                    /usr/lib/jvm/java-7-openjdk-amd64/jre/lib/jsse.jar
7f281c083000-7f281c08b000 r--s 00035000 08:07 799349                     /home/zuhairi/workspace/DST/war/WEB-INF/lib/gwt-visualization.jar
7f281c08b000-7f281c091000 r--s 00031000 08:07 799345                     /home/zuhairi/workspace/DST/war/WEB-INF/lib/httpcore-4.2.2.jar
7f281c091000-7f281c09a000 r--s 00061000 08:07 799348                     /home/zuhairi/workspace/DST/war/WEB-INF/lib/httpclient-4.2.3.jar
7f281c09a000-7f281c09d000 ---p 00000000 00:00 0 
7f281c09d000-7f281c1cc000 rw-p 00000000 00:00 0                          [stack:24266]
7f281c1cc000-7f281c2be000 r-xp 00000000 08:07 528387                     /lib/x86_64-linux-gnu/libglib-2.0.so.0.3200.4
7f281c2be000-7f281c4be000 ---p 000f2000 08:07 528387                     /lib/x86_64-linux-gnu/libglib-2.0.so.0.3200.4
7f281c4be000-7f281c4bf000 r--p 000f2000 08:07 528387                     /lib/x86_64-linux-gnu/libglib-2.0.so.0.3200.4
7f281c4bf000-7f281c4c0000 rw-p 000f3000 08:07 528387                     /lib/x86_64-linux-gnu/libglib-2.0.so.0.3200.4
7f281c4c0000-7f281c4c1000 rw-p 00000000 00:00 0 
7f281c4c1000-7f281c50e000 r-xp 00000000 08:07 1581092                    /usr/lib/x86_64-linux-gnu/libgobject-2.0.so.0.3200.4
7f281c50e000-7f281c70e000 ---p 0004d000 08:07 1581092                    /usr/lib/x86_64-linux-gnu/libgobject-2.0.so.0.3200.4
7f281c70e000-7f281c70f000 r--p 0004d000 08:07 1581092                    /usr/lib/x86_64-linux-gnu/libgobject-2.0.so.0.3200.4
7f281c70f000-7f281c710000 rw-p 0004e000 08:07 1581092                    /usr/lib/x86_64-linux-gnu/libgobject-2.0.so.0.3200.4
7f281c710000-7f281c858000 r-xp 00000000 08:07 1581066                    /usr/lib/x86_64-linux-gnu/libgio-2.0.so.0.3200.4
7f281c858000-7f281ca57000 ---p 00148000 08:07 1581066                    /usr/lib/x86_64-linux-gnu/libgio-2.0.so.0.3200.4
7f281ca57000-7f281ca5b000 r--p 00147000 08:07 1581066                    /usr/lib/x86_64-linux-gnu/libgio-2.0.so.0.3200.4
7f281ca5b000-7f281ca5d000 rw-p 0014b000 08:07 1581066                    /usr/lib/x86_64-linux-gnu/libgio-2.0.so.0.3200.4
7f281ca5d000-7f281ca5f000 rw-p 00000000 00:00 0 
7f281ca5f000-7f281ca61000 r--s 00005000 08:07 799344                     /home/zuhairi/workspace/DST/war/WEB-INF/lib/httpmime-4.2.3.jar
7f281ca61000-7f281ca64000 r--s 0001a000 08:07 799350                     /home/zuhairi/workspace/DST/war/WEB-INF/lib/httpclient-cache-4.2.3.jar
7f281ca64000-7f281ca71000 r--s 00056000 08:07 799347                     /home/zuhairi/workspace/DST/war/WEB-INF/lib/gwt-maps.jar
7f281ca71000-7f281ca87000 r-xp 00000000 08:07 1590702                    /usr/lib/jvm/java-7-openjdk-amd64/jre/lib/amd64/libnet.so
7f281ca87000-7f281cc87000 ---p 00016000 08:07 1590702                    /usr/lib/jvm/java-7-openjdk-amd64/jre/lib/amd64/libnet.so
7f281cc87000-7f281cc88000 r--p 00016000 08:07 1590702                    /usr/lib/jvm/java-7-openjdk-amd64/jre/lib/amd64/libnet.so
7f281cc88000-7f281cc89000 rw-p 00017000 08:07 1590702                    /usr/lib/jvm/java-7-openjdk-amd64/jre/lib/amd64/libnet.so
7f281cc89000-7f281ccdb000 rw-p 00000000 00:00 0 
7f281ccdb000-7f281cee1000 r--s 0242a000 08:07 534162                     /home/zuhairi/Downloads/UOM/eclipse/plugins/com.google.gwt.eclipse.sdkbundle_2.6.0/gwt-2.6.0/gwt-dev.jar
7f281cee1000-7f281cf09000 rw-p 00000000 00:00 0 
7f281cf09000-7f281d00e000 r--s 01aaf000 08:07 534164                     /home/zuhairi/Downloads/UOM/eclipse/plugins/com.google.gwt.eclipse.sdkbundle_2.6.0/gwt-2.6.0/gwt-user.jar
7f281d00e000-7f281d00f000 ---p 00000000 00:00 0 
7f281d00f000-7f281d10f000 rw-p 00000000 00:00 0                          [stack:24265]
7f281d10f000-7f281d112000 ---p 00000000 00:00 0 
7f281d112000-7f281d210000 rw-p 00000000 00:00 0                          [stack:24264]
7f281d210000-7f281d213000 ---p 00000000 00:00 0 
7f281d213000-7f281d311000 rw-p 00000000 00:00 0                          [stack:24263]
7f281d311000-7f281d314000 ---p 00000000 00:00 0 
7f281d314000-7f281d412000 rw-p 00000000 00:00 0                          [stack:24262]
7f281d412000-7f281d415000 ---p 00000000 00:00 0 
7f281d415000-7f281d513000 rw-p 00000000 00:00 0                          [stack:24258]
7f281d513000-7f281d516000 ---p 00000000 00:00 0 
7f281d516000-7f281d614000 rw-p 00000000 00:00 0                          [stack:24257]
7f281d614000-7f281d617000 ---p 00000000 00:00 0 
7f281d617000-7f281d715000 rw-p 00000000 00:00 0                          [stack:24256]
7f281d715000-7f281d719000 r-xp 00000000 08:07 1590698                    /usr/lib/jvm/java-7-openjdk-amd64/jre/lib/amd64/libdt_socket.so
7f281d719000-7f281d918000 ---p 00004000 08:07 1590698                    /usr/lib/jvm/java-7-openjdk-amd64/jre/lib/amd64/libdt_socket.so
7f281d918000-7f281d919000 r--p 00003000 08:07 1590698                    /usr/lib/jvm/java-7-openjdk-amd64/jre/lib/amd64/libdt_socket.so
7f281d919000-7f281d91a000 rw-p 00004000 08:07 1590698                    /usr/lib/jvm/java-7-openjdk-amd64/jre/lib/amd64/libdt_socket.so
7f281d91a000-7f281d91d000 ---p 00000000 00:00 0 
7f281d91d000-7f281da1b000 rw-p 00000000 00:00 0                          [stack:24254]
7f281da1b000-7f281da1e000 ---p 00000000 00:00 0 
7f281da1e000-7f281db1c000 rw-p 00000000 00:00 0                          [stack:24253]
7f281db1c000-7f281db1f000 ---p 00000000 00:00 0 
7f281db1f000-7f281dc1d000 rw-p 00000000 00:00 0                          [stack:24252]
7f281dc1d000-7f281dc1e000 ---p 00000000 00:00 0 
7f281dc1e000-7f2820000000 rw-p 00000000 00:00 0                          [stack:24251]
7f2820000000-7f2820021000 rw-p 00000000 00:00 0 
7f2820021000-7f2824000000 ---p 00000000 00:00 0 
7f2824000000-7f2824021000 rw-p 00000000 00:00 0 
7f2824021000-7f2828000000 ---p 00000000 00:00 0 
7f2828000000-7f2828021000 rw-p 00000000 00:00 0 
7f2828021000-7f282c000000 ---p 00000000 00:00 0 
7f282c000000-7f282c021000 rw-p 00000000 00:00 0 
7f282c021000-7f2830000000 ---p 00000000 00:00 0 
7f2830000000-7f2830021000 rw-p 00000000 00:00 0 
7f2830021000-7f2834000000 ---p 00000000 00:00 0 
7f2834000000-7f2834002000 r--s 00004000 08:07 799342                     /home/zuhairi/workspace/DST/war/WEB-INF/lib/fluent-hc-4.2.3.jar
7f2834002000-7f2834e52000 rw-p 00000000 00:00 0 
7f2834e52000-7f2835000000 r--s 01cf4000 08:07 1590649                    /usr/lib/jvm/java-7-openjdk-amd64/jre/lib/rt.jar
7f2835000000-7f2835340000 rwxp 00000000 00:00 0 
7f2835340000-7f2838693000 rw-p 00000000 00:00 0 
7f2838693000-7f283c000000 ---p 00000000 00:00 0 
7f283c000000-7f283c001000 rw-p 00000000 00:00 0 
7f283c001000-7f283c007000 r--s 00033000 08:07 799343                     /home/zuhairi/workspace/DST/war/WEB-INF/lib/commons-codec-1.6.jar
7f283c007000-7f283c2dd000 rw-p 00000000 00:00 0 
7f283c2dd000-7f283c2de000 ---p 00000000 00:00 0 
7f283c2de000-7f283c3de000 rw-p 00000000 00:00 0                          [stack:24250]
7f283c3de000-7f283c3df000 ---p 00000000 00:00 0 
7f283c3df000-7f283c4df000 rw-p 00000000 00:00 0                          [stack:24249]
7f283c4df000-7f283c4e0000 ---p 00000000 00:00 0 
7f283c4e0000-7f283c5e0000 rw-p 00000000 00:00 0                          [stack:24248]
7f283c5e0000-7f283c5e1000 ---p 00000000 00:00 0 
7f283c5e1000-7f283c6e1000 rw-p 00000000 00:00 0                          [stack:24247]
7f283c6e1000-7f283c6e2000 ---p 00000000 00:00 0 
7f283c6e2000-7f283c7e2000 rw-p 00000000 00:00 0                          [stack:24246]
7f283c7e2000-7f283c7e3000 ---p 00000000 00:00 0 
7f283c7e3000-7f283c8e3000 rw-p 00000000 00:00 0                          [stack:24245]
7f283c8e3000-7f283c8e4000 ---p 00000000 00:00 0 
7f283c8e4000-7f283c9e4000 rw-p 00000000 00:00 0                          [stack:24244]
7f283c9e4000-7f283c9e5000 ---p 00000000 00:00 0 
7f283c9e5000-7f283caf3000 rw-p 00000000 00:00 0                          [stack:24243]
7f283caf3000-7f283cb38000 rw-p 00000000 00:00 0 
7f283cb38000-7f283cb60000 rw-p 00000000 00:00 0 
7f283cb60000-7f283cbe3000 rw-p 00000000 00:00 0 
7f283cbe3000-7f283cbf1000 rw-p 00000000 00:00 0 
7f283cbf1000-7f283cc36000 rw-p 00000000 00:00 0 
7f283cc36000-7f283cc5e000 rw-p 00000000 00:00 0 
7f283cc5e000-7f283cce0000 rw-p 00000000 00:00 0 
7f283cce0000-7f283cd36000 rw-p 00000000 00:00 0 
7f283cd36000-7f283cd37000 rw-p 00000000 00:00 0 
7f283cd37000-7f283cd3f000 r-xp 00000000 08:07 1590697                    /usr/lib/jvm/java-7-openjdk-amd64/jre/lib/amd64/libzip.so
7f283cd3f000-7f283cf3e000 ---p 00008000 08:07 1590697                    /usr/lib/jvm/java-7-openjdk-amd64/jre/lib/amd64/libzip.so
7f283cf3e000-7f283cf3f000 r--p 00007000 08:07 1590697                    /usr/lib/jvm/java-7-openjdk-amd64/jre/lib/amd64/libzip.so
7f283cf3f000-7f283cf40000 rw-p 00008000 08:07 1590697                    /usr/lib/jvm/java-7-openjdk-amd64/jre/lib/amd64/libzip.so
7f283cf40000-7f283cf4c000 r-xp 00000000 08:07 528413                     /lib/x86_64-linux-gnu/libnss_files-2.15.so
7f283cf4c000-7f283d14b000 ---p 0000c000 08:07 528413                     /lib/x86_64-linux-gnu/libnss_files-2.15.so
7f283d14b000-7f283d14c000 r--p 0000b000 08:07 528413                     /lib/x86_64-linux-gnu/libnss_files-2.15.so
7f283d14c000-7f283d14d000 rw-p 0000c000 08:07 528413                     /lib/x86_64-linux-gnu/libnss_files-2.15.so
7f283d14d000-7f283d157000 r-xp 00000000 08:07 528417                     /lib/x86_64-linux-gnu/libnss_nis-2.15.so
7f283d157000-7f283d357000 ---p 0000a000 08:07 528417                     /lib/x86_64-linux-gnu/libnss_nis-2.15.so
7f283d357000-7f283d358000 r--p 0000a000 08:07 528417                     /lib/x86_64-linux-gnu/libnss_nis-2.15.so
7f283d358000-7f283d359000 rw-p 0000b000 08:07 528417                     /lib/x86_64-linux-gnu/libnss_nis-2.15.so
7f283d359000-7f283d370000 r-xp 00000000 08:07 528407                     /lib/x86_64-linux-gnu/libnsl-2.15.so
7f283d370000-7f283d56f000 ---p 00017000 08:07 528407                     /lib/x86_64-linux-gnu/libnsl-2.15.so
7f283d56f000-7f283d570000 r--p 00016000 08:07 528407                     /lib/x86_64-linux-gnu/libnsl-2.15.so
7f283d570000-7f283d571000 rw-p 00017000 08:07 528407                     /lib/x86_64-linux-gnu/libnsl-2.15.so
7f283d571000-7f283d573000 rw-p 00000000 00:00 0 
7f283d573000-7f283d57b000 r-xp 00000000 08:07 528409                     /lib/x86_64-linux-gnu/libnss_compat-2.15.so
7f283d57b000-7f283d77a000 ---p 00008000 08:07 528409                     /lib/x86_64-linux-gnu/libnss_compat-2.15.so
7f283d77a000-7f283d77b000 r--p 00007000 08:07 528409                     /lib/x86_64-linux-gnu/libnss_compat-2.15.so
7f283d77b000-7f283d77c000 rw-p 00008000 08:07 528409                     /lib/x86_64-linux-gnu/libnss_compat-2.15.so
7f283d77c000-7f283de60000 r--p 00000000 08:07 1579837                    /usr/lib/locale/locale-archive
7f283de60000-7f283de63000 r-xp 00000000 08:07 1590727                    /usr/lib/jvm/java-7-openjdk-amd64/jre/lib/amd64/libnpt.so
7f283de63000-7f283e062000 ---p 00003000 08:07 1590727                    /usr/lib/jvm/java-7-openjdk-amd64/jre/lib/amd64/libnpt.so
7f283e062000-7f283e063000 r--p 00002000 08:07 1590727                    /usr/lib/jvm/java-7-openjdk-amd64/jre/lib/amd64/libnpt.so
7f283e063000-7f283e064000 rw-p 00003000 08:07 1590727                    /usr/lib/jvm/java-7-openjdk-amd64/jre/lib/amd64/libnpt.so
7f283e064000-7f283e09e000 r-xp 00000000 08:07 1590713                    /usr/lib/jvm/java-7-openjdk-amd64/jre/lib/amd64/libjdwp.so
7f283e09e000-7f283e29e000 ---p 0003a000 08:07 1590713                    /usr/lib/jvm/java-7-openjdk-amd64/jre/lib/amd64/libjdwp.so
7f283e29e000-7f283e29f000 r--p 0003a000 08:07 1590713                    /usr/lib/jvm/java-7-openjdk-amd64/jre/lib/amd64/libjdwp.so
7f283e29f000-7f283e2a0000 rw-p 0003b000 08:07 1590713                    /usr/lib/jvm/java-7-openjdk-amd64/jre/lib/amd64/libjdwp.so
7f283e2a0000-7f283e2c9000 r-xp 00000000 08:07 1590693                    /usr/lib/jvm/java-7-openjdk-amd64/jre/lib/amd64/libjava.so
7f283e2c9000-7f283e4c8000 ---p 00029000 08:07 1590693                    /usr/lib/jvm/java-7-openjdk-amd64/jre/lib/amd64/libjava.so
7f283e4c8000-7f283e4c9000 r--p 00028000 08:07 1590693                    /usr/lib/jvm/java-7-openjdk-amd64/jre/lib/amd64/libjava.so
7f283e4c9000-7f283e4cb000 rw-p 00029000 08:07 1590693                    /usr/lib/jvm/java-7-openjdk-amd64/jre/lib/amd64/libjava.so
7f283e4cb000-7f283e4d9000 r-xp 00000000 08:07 1590726                    /usr/lib/jvm/java-7-openjdk-amd64/jre/lib/amd64/libverify.so
7f283e4d9000-7f283e6d8000 ---p 0000e000 08:07 1590726                    /usr/lib/jvm/java-7-openjdk-amd64/jre/lib/amd64/libverify.so
7f283e6d8000-7f283e6da000 r--p 0000d000 08:07 1590726                    /usr/lib/jvm/java-7-openjdk-amd64/jre/lib/amd64/libverify.so
7f283e6da000-7f283e6db000 rw-p 0000f000 08:07 1590726                    /usr/lib/jvm/java-7-openjdk-amd64/jre/lib/amd64/libverify.so
7f283e6db000-7f283e6e2000 r-xp 00000000 08:07 528448                     /lib/x86_64-linux-gnu/librt-2.15.so
7f283e6e2000-7f283e8e1000 ---p 00007000 08:07 528448                     /lib/x86_64-linux-gnu/librt-2.15.so
7f283e8e1000-7f283e8e2000 r--p 00006000 08:07 528448                     /lib/x86_64-linux-gnu/librt-2.15.so
7f283e8e2000-7f283e8e3000 rw-p 00007000 08:07 528448                     /lib/x86_64-linux-gnu/librt-2.15.so
7f283e8e3000-7f283e8f8000 r-xp 00000000 08:07 528383                     /lib/x86_64-linux-gnu/libgcc_s.so.1
7f283e8f8000-7f283eaf7000 ---p 00015000 08:07 528383                     /lib/x86_64-linux-gnu/libgcc_s.so.1
7f283eaf7000-7f283eaf8000 r--p 00014000 08:07 528383                     /lib/x86_64-linux-gnu/libgcc_s.so.1
7f283eaf8000-7f283eaf9000 rw-p 00015000 08:07 528383                     /lib/x86_64-linux-gnu/libgcc_s.so.1
7f283eaf9000-7f283ebf4000 r-xp 00000000 08:07 528394                     /lib/x86_64-linux-gnu/libm-2.15.so
7f283ebf4000-7f283edf3000 ---p 000fb000 08:07 528394                     /lib/x86_64-linux-gnu/libm-2.15.so
7f283edf3000-7f283edf4000 r--p 000fa000 08:07 528394                     /lib/x86_64-linux-gnu/libm-2.15.so
7f283edf4000-7f283edf5000 rw-p 000fb000 08:07 528394                     /lib/x86_64-linux-gnu/libm-2.15.so
7f283edf5000-7f283eed7000 r-xp 00000000 08:07 1581374                    /usr/lib/x86_64-linux-gnu/libstdc++.so.6.0.16
7f283eed7000-7f283f0d6000 ---p 000e2000 08:07 1581374                    /usr/lib/x86_64-linux-gnu/libstdc++.so.6.0.16
7f283f0d6000-7f283f0de000 r--p 000e1000 08:07 1581374                    /usr/lib/x86_64-linux-gnu/libstdc++.so.6.0.16
7f283f0de000-7f283f0e0000 rw-p 000e9000 08:07 1581374                    /usr/lib/x86_64-linux-gnu/libstdc++.so.6.0.16
7f283f0e0000-7f283f0f5000 rw-p 00000000 00:00 0 
7f283f0f5000-7f283fbb0000 r-xp 00000000 08:07 1590708                    /usr/lib/jvm/java-7-openjdk-amd64/jre/lib/amd64/server/libjvm.so
7f283fbb0000-7f283fdb0000 ---p 00abb000 08:07 1590708                    /usr/lib/jvm/java-7-openjdk-amd64/jre/lib/amd64/server/libjvm.so
7f283fdb0000-7f283fe48000 r--p 00abb000 08:07 1590708                    /usr/lib/jvm/java-7-openjdk-amd64/jre/lib/amd64/server/libjvm.so
7f283fe48000-7f283fe6b000 rw-p 00b53000 08:07 1590708                    /usr/lib/jvm/java-7-openjdk-amd64/jre/lib/amd64/server/libjvm.so
7f283fe6b000-7f283fe98000 rw-p 00000000 00:00 0 
7f283fe98000-7f283feae000 r-xp 00000000 08:07 528473                     /lib/x86_64-linux-gnu/libz.so.1.2.3.4
7f283feae000-7f28400ad000 ---p 00016000 08:07 528473                     /lib/x86_64-linux-gnu/libz.so.1.2.3.4
7f28400ad000-7f28400ae000 r--p 00015000 08:07 528473                     /lib/x86_64-linux-gnu/libz.so.1.2.3.4
7f28400ae000-7f28400af000 rw-p 00016000 08:07 528473                     /lib/x86_64-linux-gnu/libz.so.1.2.3.4
7f28400af000-7f28400c7000 r-xp 00000000 08:07 528442                     /lib/x86_64-linux-gnu/libpthread-2.15.so
7f28400c7000-7f28402c6000 ---p 00018000 08:07 528442                     /lib/x86_64-linux-gnu/libpthread-2.15.so
7f28402c6000-7f28402c7000 r--p 00017000 08:07 528442                     /lib/x86_64-linux-gnu/libpthread-2.15.so
7f28402c7000-7f28402c8000 rw-p 00018000 08:07 528442                     /lib/x86_64-linux-gnu/libpthread-2.15.so
7f28402c8000-7f28402cc000 rw-p 00000000 00:00 0 
7f28402cc000-7f28402ce000 r-xp 00000000 08:07 528375                     /lib/x86_64-linux-gnu/libdl-2.15.so
7f28402ce000-7f28404ce000 ---p 00002000 08:07 528375                     /lib/x86_64-linux-gnu/libdl-2.15.so
7f28404ce000-7f28404cf000 r--p 00002000 08:07 528375                     /lib/x86_64-linux-gnu/libdl-2.15.so
7f28404cf000-7f28404d0000 rw-p 00003000 08:07 528375                     /lib/x86_64-linux-gnu/libdl-2.15.so
7f28404d0000-7f2840685000 r-xp 00000000 08:07 528362                     /lib/x86_64-linux-gnu/libc-2.15.so
7f2840685000-7f2840885000 ---p 001b5000 08:07 528362                     /lib/x86_64-linux-gnu/libc-2.15.so
7f2840885000-7f2840889000 r--p 001b5000 08:07 528362                     /lib/x86_64-linux-gnu/libc-2.15.so
7f2840889000-7f284088b000 rw-p 001b9000 08:07 528362                     /lib/x86_64-linux-gnu/libc-2.15.so
7f284088b000-7f2840890000 rw-p 00000000 00:00 0 
7f2840890000-7f284089d000 r-xp 00000000 08:07 1590719                    /usr/lib/jvm/java-7-openjdk-amd64/jre/lib/amd64/jli/libjli.so
7f284089d000-7f2840a9c000 ---p 0000d000 08:07 1590719                    /usr/lib/jvm/java-7-openjdk-amd64/jre/lib/amd64/jli/libjli.so
7f2840a9c000-7f2840a9d000 r--p 0000c000 08:07 1590719                    /usr/lib/jvm/java-7-openjdk-amd64/jre/lib/amd64/jli/libjli.so
7f2840a9d000-7f2840a9e000 rw-p 0000d000 08:07 1590719                    /usr/lib/jvm/java-7-openjdk-amd64/jre/lib/amd64/jli/libjli.so
7f2840a9e000-7f2840ac0000 r-xp 00000000 08:07 528342                     /lib/x86_64-linux-gnu/ld-2.15.so
7f2840ac0000-7f2840ac1000 r--p 00000000 08:07 1972674                    /usr/share/locale-langpack/en_GB/LC_MESSAGES/libc.mo
7f2840ac1000-7f2840ac3000 r--s 0000d000 08:07 799346                     /home/zuhairi/workspace/DST/war/WEB-INF/lib/commons-logging-1.1.1.jar
7f2840ac3000-7f2840ac6000 r--s 00009000 08:07 534143                     /home/zuhairi/Downloads/UOM/eclipse/plugins/com.google.gwt.eclipse.sdkbundle_2.6.0/gwt-2.6.0/validation-api-1.0.0.GA.jar
7f2840ac6000-7f2840ac8000 r--s 0000e000 08:07 534149                     /home/zuhairi/Downloads/UOM/eclipse/plugins/com.google.gwt.eclipse.sdkbundle_2.6.0/gwt-2.6.0/validation-api-1.0.0.GA-sources.jar
7f2840ac8000-7f2840ac9000 r--s 00007000 08:07 1852979                    /usr/share/java/java-atk-wrapper.jar
7f2840ac9000-7f2840acd000 r--s 0003b000 08:07 1590657                    /usr/lib/jvm/java-7-openjdk-amd64/jre/lib/ext/sunpkcs11.jar
7f2840acd000-7f2840acf000 r--s 0000f000 08:07 1590653                    /usr/lib/jvm/java-7-openjdk-amd64/jre/lib/ext/pulse-java.jar
7f2840acf000-7f2840ad2000 r--s 00032000 08:07 1590655                    /usr/lib/jvm/java-7-openjdk-amd64/jre/lib/ext/sunjce_provider.jar
7f2840ad2000-7f2840ad4000 r--s 00012000 08:07 1590654                    /usr/lib/jvm/java-7-openjdk-amd64/jre/lib/ext/zipfs.jar
7f2840ad4000-7f2840ad8000 r--s 00085000 08:07 1590656                    /usr/lib/jvm/java-7-openjdk-amd64/jre/lib/ext/localedata.jar
7f2840ad8000-7f2840af3000 rw-p 00000000 00:00 0 
7f2840af3000-7f2840ba6000 rw-p 00000000 00:00 0 
7f2840ba6000-7f2840ba9000 ---p 00000000 00:00 0 
7f2840ba9000-7f2840cac000 rw-p 00000000 00:00 0                          [stack:24237]
7f2840cac000-7f2840cad000 r--s 00002000 08:07 1590658                    /usr/lib/jvm/java-7-openjdk-amd64/jre/lib/ext/dnsns.jar
7f2840cad000-7f2840cb4000 r--s 00000000 08:07 1835570                    /usr/lib/x86_64-linux-gnu/gconv/gconv-modules.cache
7f2840cb4000-7f2840cbc000 rw-s 00000000 08:07 1444102                    /tmp/hsperfdata_zuhairi/24235
7f2840cbc000-7f2840cbd000 rw-p 00000000 00:00 0 
7f2840cbd000-7f2840cbe000 r--p 00000000 00:00 0 
7f2840cbe000-7f2840cc0000 rw-p 00000000 00:00 0 
7f2840cc0000-7f2840cc1000 r--p 00022000 08:07 528342                     /lib/x86_64-linux-gnu/ld-2.15.so
7f2840cc1000-7f2840cc3000 rw-p 00023000 08:07 528342                     /lib/x86_64-linux-gnu/ld-2.15.so
7fff356dc000-7fff356fd000 rw-p 00000000 00:00 0                          [stack]
7fff357f9000-7fff357fb000 r-xp 00000000 00:00 0                          [vdso]
ffffffffff600000-ffffffffff601000 r-xp 00000000 00:00 0                  [vsyscall]

VM Arguments:
jvm_args: -agentlib:jdwp=transport=dt_socket,suspend=y,address=localhost:42772 -Xmx512m -Dfile.encoding=UTF-8 
java_command: com.google.gwt.dev.DevMode -remoteUI 48778:71600809737322 -startupUrl DST.html -logLevel INFO -codeServerPort 9997 -port 8888 -war /home/zuhairi/workspace/DST/war com.watergrid.dst.DST
Launcher Type: SUN_STANDARD

Environment Variables:
PATH=/usr/lib/lightdm/lightdm:/usr/local/sbin:/usr/local/bin:/usr/sbin:/usr/bin:/sbin:/bin:/usr/games
SHELL=/bin/bash
DISPLAY=:0.0

Signal Handlers:
SIGSEGV: [libjvm.so+0x8f6d70], sa_mask[0]=0x7ffbfeff, sa_flags=0x10000004
SIGBUS: [libjvm.so+0x8f6d70], sa_mask[0]=0x7ffbfeff, sa_flags=0x10000004
SIGFPE: [libjvm.so+0x77aeb0], sa_mask[0]=0x7ffbfeff, sa_flags=0x10000004
SIGPIPE: SIG_IGN, sa_mask[0]=0x00000000, sa_flags=0x00000000
SIGXFSZ: [libjvm.so+0x77aeb0], sa_mask[0]=0x7ffbfeff, sa_flags=0x10000004
SIGILL: [libjvm.so+0x77aeb0], sa_mask[0]=0x7ffbfeff, sa_flags=0x10000004
SIGUSR1: SIG_DFL, sa_mask[0]=0x00000000, sa_flags=0x00000000
SIGUSR2: [libjvm.so+0x77b130], sa_mask[0]=0x00000004, sa_flags=0x10000004
SIGHUP: [libjvm.so+0x77b2a0], sa_mask[0]=0x7ffbfeff, sa_flags=0x10000004
SIGINT: [libjvm.so+0x77b2a0], sa_mask[0]=0x7ffbfeff, sa_flags=0x10000004
SIGTERM: [libjvm.so+0x77b2a0], sa_mask[0]=0x7ffbfeff, sa_flags=0x10000004
SIGQUIT: [libjvm.so+0x77b2a0], sa_mask[0]=0x7ffbfeff, sa_flags=0x10000004


---------------  S Y S T E M  ---------------

OS:Ubuntu 12.04 (precise)
uname:Linux 3.11.0-20-generic #34~precise1-Ubuntu SMP Thu Apr 3 17:25:07 UTC 2014 x86_64
libc:glibc 2.15 NPTL 2.15 
rlimit: STACK 8192k, CORE 0k, NPROC 61536, NOFILE 4096, AS infinity
load average:0.95 0.57 0.45

/proc/meminfo:
MemTotal:        7895820 kB
MemFree:          737072 kB
Buffers:          171940 kB
Cached:          3720852 kB
SwapCached:            0 kB
Active:          3895316 kB
Inactive:        2877132 kB
Active(anon):    2682244 kB
Inactive(anon):   563228 kB
Active(file):    1213072 kB
Inactive(file):  2313904 kB
Unevictable:          16 kB
Mlocked:              16 kB
SwapTotal:       8103932 kB
SwapFree:        8103932 kB
Dirty:               192 kB
Writeback:             0 kB
AnonPages:       2879840 kB
Mapped:           394148 kB
Shmem:            365808 kB
Slab:             219408 kB
SReclaimable:     169460 kB
SUnreclaim:        49948 kB
KernelStack:        7080 kB
PageTables:        61416 kB
NFS_Unstable:          0 kB
Bounce:                0 kB
WritebackTmp:          0 kB
CommitLimit:    12051840 kB
Committed_AS:    8122396 kB
VmallocTotal:   34359738367 kB
VmallocUsed:      554680 kB
VmallocChunk:   34359178620 kB
HardwareCorrupted:     0 kB
AnonHugePages:         0 kB
HugePages_Total:       0
HugePages_Free:        0
HugePages_Rsvd:        0
HugePages_Surp:        0
Hugepagesize:       2048 kB
DirectMap4k:      162560 kB
DirectMap2M:     6895616 kB
DirectMap1G:     1048576 kB


CPU:total 8 (4 cores per cpu, 2 threads per core) family 6 model 60 stepping 3, cmov, cx8, fxsr, mmx, sse, sse2, sse3, ssse3, sse4.1, sse4.2, popcnt, avx, avx2, aes, erms, ht, tsc, tscinvbit

/proc/cpuinfo:
processor	: 0
vendor_id	: GenuineIntel
cpu family	: 6
model		: 60
model name	: Intel(R) Core(TM) i7-4700MQ CPU @ 2.40GHz
stepping	: 3
microcode	: 0x7
cpu MHz		: 2200.000
cache size	: 6144 KB
physical id	: 0
siblings	: 8
core id		: 0
cpu cores	: 4
apicid		: 0
initial apicid	: 0
fpu		: yes
fpu_exception	: yes
cpuid level	: 13
wp		: yes
flags		: fpu vme de pse tsc msr pae mce cx8 apic sep mtrr pge mca cmov pat pse36 clflush dts acpi mmx fxsr sse sse2 ss ht tm pbe syscall nx pdpe1gb rdtscp lm constant_tsc arch_perfmon pebs bts rep_good nopl xtopology nonstop_tsc aperfmperf eagerfpu pni pclmulqdq dtes64 monitor ds_cpl vmx est tm2 ssse3 fma cx16 xtpr pdcm pcid sse4_1 sse4_2 movbe popcnt tsc_deadline_timer aes xsave avx f16c rdrand lahf_lm abm ida arat epb xsaveopt pln pts dtherm tpr_shadow vnmi flexpriority ept vpid fsgsbase tsc_adjust bmi1 avx2 smep bmi2 erms invpcid
bogomips	: 4788.95
clflush size	: 64
cache_alignment	: 64
address sizes	: 39 bits physical, 48 bits virtual
power management:

processor	: 1
vendor_id	: GenuineIntel
cpu family	: 6
model		: 60
model name	: Intel(R) Core(TM) i7-4700MQ CPU @ 2.40GHz
stepping	: 3
microcode	: 0x7
cpu MHz		: 800.000
cache size	: 6144 KB
physical id	: 0
siblings	: 8
core id		: 0
cpu cores	: 4
apicid		: 1
initial apicid	: 1
fpu		: yes
fpu_exception	: yes
cpuid level	: 13
wp		: yes
flags		: fpu vme de pse tsc msr pae mce cx8 apic sep mtrr pge mca cmov pat pse36 clflush dts acpi mmx fxsr sse sse2 ss ht tm pbe syscall nx pdpe1gb rdtscp lm constant_tsc arch_perfmon pebs bts rep_good nopl xtopology nonstop_tsc aperfmperf eagerfpu pni pclmulqdq dtes64 monitor ds_cpl vmx est tm2 ssse3 fma cx16 xtpr pdcm pcid sse4_1 sse4_2 movbe popcnt tsc_deadline_timer aes xsave avx f16c rdrand lahf_lm abm ida arat epb xsaveopt pln pts dtherm tpr_shadow vnmi flexpriority ept vpid fsgsbase tsc_adjust bmi1 avx2 smep bmi2 erms invpcid
bogomips	: 4788.95
clflush size	: 64
cache_alignment	: 64
address sizes	: 39 bits physical, 48 bits virtual
power management:

processor	: 2
vendor_id	: GenuineIntel
cpu family	: 6
model		: 60
model name	: Intel(R) Core(TM) i7-4700MQ CPU @ 2.40GHz
stepping	: 3
microcode	: 0x7
cpu MHz		: 800.000
cache size	: 6144 KB
physical id	: 0
siblings	: 8
core id		: 1
cpu cores	: 4
apicid		: 2
initial apicid	: 2
fpu		: yes
fpu_exception	: yes
cpuid level	: 13
wp		: yes
flags		: fpu vme de pse tsc msr pae mce cx8 apic sep mtrr pge mca cmov pat pse36 clflush dts acpi mmx fxsr sse sse2 ss ht tm pbe syscall nx pdpe1gb rdtscp lm constant_tsc arch_perfmon pebs bts rep_good nopl xtopology nonstop_tsc aperfmperf eagerfpu pni pclmulqdq dtes64 monitor ds_cpl vmx est tm2 ssse3 fma cx16 xtpr pdcm pcid sse4_1 sse4_2 movbe popcnt tsc_deadline_timer aes xsave avx f16c rdrand lahf_lm abm ida arat epb xsaveopt pln pts dtherm tpr_shadow vnmi flexpriority ept vpid fsgsbase tsc_adjust bmi1 avx2 smep bmi2 erms invpcid
bogomips	: 4788.95
clflush size	: 64
cache_alignment	: 64
address sizes	: 39 bits physical, 48 bits virtual
power management:

processor	: 3
vendor_id	: GenuineIntel
cpu family	: 6
model		: 60
model name	: Intel(R) Core(TM) i7-4700MQ CPU @ 2.40GHz
stepping	: 3
microcode	: 0x7
cpu MHz		: 2401.000
cache size	: 6144 KB
physical id	: 0
siblings	: 8
core id		: 1
cpu cores	: 4
apicid		: 3
initial apicid	: 3
fpu		: yes
fpu_exception	: yes
cpuid level	: 13
wp		: yes
flags		: fpu vme de pse tsc msr pae mce cx8 apic sep mtrr pge mca cmov pat pse36 clflush dts acpi mmx fxsr sse sse2 ss ht tm pbe syscall nx pdpe1gb rdtscp lm constant_tsc arch_perfmon pebs bts rep_good nopl xtopology nonstop_tsc aperfmperf eagerfpu pni pclmulqdq dtes64 monitor ds_cpl vmx est tm2 ssse3 fma cx16 xtpr pdcm pcid sse4_1 sse4_2 movbe popcnt tsc_deadline_timer aes xsave avx f16c rdrand lahf_lm abm ida arat epb xsaveopt pln pts dtherm tpr_shadow vnmi flexpriority ept vpid fsgsbase tsc_adjust bmi1 avx2 smep bmi2 erms invpcid
bogomips	: 4788.95
clflush size	: 64
cache_alignment	: 64
address sizes	: 39 bits physical, 48 bits virtual
power management:

processor	: 4
vendor_id	: GenuineIntel
cpu family	: 6
model		: 60
model name	: Intel(R) Core(TM) i7-4700MQ CPU @ 2.40GHz
stepping	: 3
microcode	: 0x7
cpu MHz		: 800.000
cache size	: 6144 KB
physical id	: 0
siblings	: 8
core id		: 2
cpu cores	: 4
apicid		: 4
initial apicid	: 4
fpu		: yes
fpu_exception	: yes
cpuid level	: 13
wp		: yes
flags		: fpu vme de pse tsc msr pae mce cx8 apic sep mtrr pge mca cmov pat pse36 clflush dts acpi mmx fxsr sse sse2 ss ht tm pbe syscall nx pdpe1gb rdtscp lm constant_tsc arch_perfmon pebs bts rep_good nopl xtopology nonstop_tsc aperfmperf eagerfpu pni pclmulqdq dtes64 monitor ds_cpl vmx est tm2 ssse3 fma cx16 xtpr pdcm pcid sse4_1 sse4_2 movbe popcnt tsc_deadline_timer aes xsave avx f16c rdrand lahf_lm abm ida arat epb xsaveopt pln pts dtherm tpr_shadow vnmi flexpriority ept vpid fsgsbase tsc_adjust bmi1 avx2 smep bmi2 erms invpcid
bogomips	: 4788.95
clflush size	: 64
cache_alignment	: 64
address sizes	: 39 bits physical, 48 bits virtual
power management:

processor	: 5
vendor_id	: GenuineIntel
cpu family	: 6
model		: 60
model name	: Intel(R) Core(TM) i7-4700MQ CPU @ 2.40GHz
stepping	: 3
microcode	: 0x7
cpu MHz		: 800.000
cache size	: 6144 KB
physical id	: 0
siblings	: 8
core id		: 2
cpu cores	: 4
apicid		: 5
initial apicid	: 5
fpu		: yes
fpu_exception	: yes
cpuid level	: 13
wp		: yes
flags		: fpu vme de pse tsc msr pae mce cx8 apic sep mtrr pge mca cmov pat pse36 clflush dts acpi mmx fxsr sse sse2 ss ht tm pbe syscall nx pdpe1gb rdtscp lm constant_tsc arch_perfmon pebs bts rep_good nopl xtopology nonstop_tsc aperfmperf eagerfpu pni pclmulqdq dtes64 monitor ds_cpl vmx est tm2 ssse3 fma cx16 xtpr pdcm pcid sse4_1 sse4_2 movbe popcnt tsc_deadline_timer aes xsave avx f16c rdrand lahf_lm abm ida arat epb xsaveopt pln pts dtherm tpr_shadow vnmi flexpriority ept vpid fsgsbase tsc_adjust bmi1 avx2 smep bmi2 erms invpcid
bogomips	: 4788.95
clflush size	: 64
cache_alignment	: 64
address sizes	: 39 bits physical, 48 bits virtual
power management:

processor	: 6
vendor_id	: GenuineIntel
cpu family	: 6
model		: 60
model name	: Intel(R) Core(TM) i7-4700MQ CPU @ 2.40GHz
stepping	: 3
microcode	: 0x7
cpu MHz		: 800.000
cache size	: 6144 KB
physical id	: 0
siblings	: 8
core id		: 3
cpu cores	: 4
apicid		: 6
initial apicid	: 6
fpu		: yes
fpu_exception	: yes
cpuid level	: 13
wp		: yes
flags		: fpu vme de pse tsc msr pae mce cx8 apic sep mtrr pge mca cmov pat pse36 clflush dts acpi mmx fxsr sse sse2 ss ht tm pbe syscall nx pdpe1gb rdtscp lm constant_tsc arch_perfmon pebs bts rep_good nopl xtopology nonstop_tsc aperfmperf eagerfpu pni pclmulqdq dtes64 monitor ds_cpl vmx est tm2 ssse3 fma cx16 xtpr pdcm pcid sse4_1 sse4_2 movbe popcnt tsc_deadline_timer aes xsave avx f16c rdrand lahf_lm abm ida arat epb xsaveopt pln pts dtherm tpr_shadow vnmi flexpriority ept vpid fsgsbase tsc_adjust bmi1 avx2 smep bmi2 erms invpcid
bogomips	: 4788.95
clflush size	: 64
cache_alignment	: 64
address sizes	: 39 bits physical, 48 bits virtual
power management:

processor	: 7
vendor_id	: GenuineIntel
cpu family	: 6
model		: 60
model name	: Intel(R) Core(TM) i7-4700MQ CPU @ 2.40GHz
stepping	: 3
microcode	: 0x7
cpu MHz		: 800.000
cache size	: 6144 KB
physical id	: 0
siblings	: 8
core id		: 3
cpu cores	: 4
apicid		: 7
initial apicid	: 7
fpu		: yes
fpu_exception	: yes
cpuid level	: 13
wp		: yes
flags		: fpu vme de pse tsc msr pae mce cx8 apic sep mtrr pge mca cmov pat pse36 clflush dts acpi mmx fxsr sse sse2 ss ht tm pbe syscall nx pdpe1gb rdtscp lm constant_tsc arch_perfmon pebs bts rep_good nopl xtopology nonstop_tsc aperfmperf eagerfpu pni pclmulqdq dtes64 monitor ds_cpl vmx est tm2 ssse3 fma cx16 xtpr pdcm pcid sse4_1 sse4_2 movbe popcnt tsc_deadline_timer aes xsave avx f16c rdrand lahf_lm abm ida arat epb xsaveopt pln pts dtherm tpr_shadow vnmi flexpriority ept vpid fsgsbase tsc_adjust bmi1 avx2 smep bmi2 erms invpcid
bogomips	: 4788.95
clflush size	: 64
cache_alignment	: 64
address sizes	: 39 bits physical, 48 bits virtual
power management:



Memory: 4k page, physical 7895820k(737072k free), swap 8103932k(8103932k free)

vm_info: OpenJDK 64-Bit Server VM (24.45-b08) for linux-amd64 JRE (1.7.0_51-b00), built on Jan 16 2014 18:37:59 by "buildd" with gcc 4.6.3

time: Sun Apr 27 01:39:56 2014
elapsed time: 192 seconds

